#
# There is insufficient memory for the Java Runtime Environment to continue.
# Native memory allocation (mmap) failed to map 32505856 bytes for Failed to commit area from 0x00000000b7400000 to 0x00000000b9300000 of length 32505856.
# Possible reasons:
#   The system is out of physical RAM or swap space
#   The process is running with CompressedOops enabled, and the Java Heap may be blocking the growth of the native heap
# Possible solutions:
#   Reduce memory load on the system
#   Increase physical memory or swap space
#   Check if swap backing store is full
#   Decrease Java heap size (-Xmx/-Xms)
#   Decrease number of Java threads
#   Decrease Java thread stack sizes (-Xss)
#   Set larger code cache with -XX:ReservedCodeCacheSize=
#   JVM is running with Unscaled Compressed Oops mode in which the Java heap is
#     placed in the first 4GB address space. The Java Heap base address is the
#     maximum limit for the native heap growth. Please use -XX:HeapBaseMinAddress
#     to set the Java Heap base and to place the Java Heap above 4GB virtual address.
# This output file may be truncated or incomplete.
#
#  Out of Memory Error (./src/hotspot/os/windows/os_windows.cpp:3301), pid=11372, tid=9004
#
# JRE version: OpenJDK Runtime Environment (11.0.10) (build 11.0.10+0-b96-7249189)
# Java VM: OpenJDK 64-Bit Server VM (11.0.10+0-b96-7249189, mixed mode, tiered, compressed oops, g1 gc, windows-amd64)
# No core dump will be written. Minidumps are not enabled by default on client versions of Windows
#

---------------  S U M M A R Y ------------

Command Line: --add-opens=java.base/java.util=ALL-UNNAMED --add-opens=java.base/java.lang=ALL-UNNAMED --add-opens=java.base/java.lang.invoke=ALL-UNNAMED --add-opens=java.prefs/java.util.prefs=ALL-UNNAMED -Xmx1536M -Dfile.encoding=windows-1252 -Duser.country=US -Duser.language=en -Duser.variant org.gradle.launcher.daemon.bootstrap.GradleDaemon 6.7

Host: Intel(R) Core(TM) i7-7500U CPU @ 2.70GHz, 4 cores, 7G,  Windows 10 , 64 bit Build 22000 (10.0.22000.318)
Time: Wed Dec 29 10:39:27 2021 Pakistan Standard Time elapsed time: 113.269201 seconds (0d 0h 1m 53s)

---------------  T H R E A D  ---------------

Current thread (0x00000263bd0c3800):  JavaThread "ForkJoinPool.commonPool-worker-3" daemon [_thread_in_vm, id=9004, stack(0x000000ad3a600000,0x000000ad3a700000)]

Stack: [0x000000ad3a600000,0x000000ad3a700000]
Native frames: (J=compiled Java code, j=interpreted, Vv=VM code, C=native code)
V  [jvm.dll+0x5ecfaa]
V  [jvm.dll+0x722bd5]
V  [jvm.dll+0x72412d]
V  [jvm.dll+0x7247e3]
V  [jvm.dll+0x242928]
V  [jvm.dll+0x5ea374]
V  [jvm.dll+0x5df425]
V  [jvm.dll+0x2fdebb]
V  [jvm.dll+0x2fde2a]
V  [jvm.dll+0x2fdd02]
V  [jvm.dll+0x302bf6]
V  [jvm.dll+0x34b2a3]
V  [jvm.dll+0x34b9a6]
V  [jvm.dll+0x34b3a3]
V  [jvm.dll+0x2d9065]
V  [jvm.dll+0x2d548f]
V  [jvm.dll+0x585f62]
V  [jvm.dll+0x5857ec]
V  [jvm.dll+0x1e8aed]
V  [jvm.dll+0x6fff5f]
V  [jvm.dll+0x36d574]
C  0x00000263a1d0eb17

Java frames: (J=compiled Java code, j=interpreted, Vv=VM code)
j  java.nio.file.Files.read(Ljava/io/InputStream;I)[B+3 java.base@11.0.10
j  java.nio.file.Files.readAllBytes(Ljava/nio/file/Path;)[B+56 java.base@11.0.10
j  com.android.builder.internal.packaging.ApkFlinger$writeFile$1.call()V+36
j  com.android.builder.internal.packaging.ApkFlinger$writeFile$1.call()Ljava/lang/Object;+1
J 19750 c1 java.util.concurrent.ForkJoinTask$AdaptedCallable.exec()Z java.base@11.0.10 (28 bytes) @ 0x00000263a2e2ffcc [0x00000263a2e2ff60+0x000000000000006c]
J 19744 c1 java.util.concurrent.ForkJoinTask.doExec()I java.base@11.0.10 (37 bytes) @ 0x00000263a2e305dc [0x00000263a2e30560+0x000000000000007c]
j  java.util.concurrent.ForkJoinPool$WorkQueue.topLevelExec(Ljava/util/concurrent/ForkJoinTask;Ljava/util/concurrent/ForkJoinPool$WorkQueue;I)V+12 java.base@11.0.10
j  java.util.concurrent.ForkJoinPool.scan(Ljava/util/concurrent/ForkJoinPool$WorkQueue;I)Z+182 java.base@11.0.10
j  java.util.concurrent.ForkJoinPool.runWorker(Ljava/util/concurrent/ForkJoinPool$WorkQueue;)V+25 java.base@11.0.10
j  java.util.concurrent.ForkJoinWorkerThread.run()V+24 java.base@11.0.10
v  ~StubRoutines::call_stub

---------------  P R O C E S S  ---------------

Threads class SMR info:
_java_thread_list=0x00000263c290eca0, length=62, elements={
0x000002639e200800, 0x00000263b6aca800, 0x00000263b6ad6000, 0x00000263b6aed000,
0x00000263b6aed800, 0x00000263b6af1000, 0x00000263b6af4800, 0x00000263b6af5800,
0x00000263b6af9000, 0x00000263b759d800, 0x00000263b8e57000, 0x00000263b77f7000,
0x00000263b891e800, 0x00000263b8b39000, 0x00000263b876b800, 0x00000263ba123800,
0x00000263b9a0d800, 0x00000263b9a21800, 0x00000263b9a25800, 0x00000263b9a22800,
0x00000263b9a23000, 0x00000263b9a26800, 0x00000263b9a24800, 0x00000263b9a28000,
0x00000263b9a27000, 0x00000263bc79c800, 0x00000263bc79d000, 0x00000263bc79b800,
0x00000263bc7a3800, 0x00000263bc7a3000, 0x00000263bc7a6000, 0x00000263bc7a0800,
0x00000263bc7a4800, 0x00000263bd0c7800, 0x00000263bd0c2000, 0x00000263bd0ca000,
0x00000263bd0cb000, 0x00000263bd0c8800, 0x00000263bd0cc000, 0x00000263b9b31000,
0x00000263b9b34000, 0x00000263b9b2e800, 0x00000263b9b35000, 0x00000263b9b2f000,
0x00000263b9b36000, 0x00000263b9b30000, 0x00000263b9b3a800, 0x00000263b9b36800,
0x00000263b9b37800, 0x00000263c0e45000, 0x00000263c0e46800, 0x00000263c0e44800,
0x00000263c0e47800, 0x00000263c0e46000, 0x00000263c0e4b000, 0x00000263c0e48800,
0x00000263c0e42800, 0x00000263bd0c3800, 0x00000263bd0bf800, 0x00000263bd0c0800,
0x00000263bd0c1000, 0x00000263bd0c4800
}

Java Threads: ( => current thread )
  0x000002639e200800 JavaThread "main" [_thread_blocked, id=6152, stack(0x000000ad39d00000,0x000000ad39e00000)]
  0x00000263b6aca800 JavaThread "Reference Handler" daemon [_thread_blocked, id=11728, stack(0x000000ad3a400000,0x000000ad3a500000)]
  0x00000263b6ad6000 JavaThread "Finalizer" daemon [_thread_blocked, id=5564, stack(0x000000ad3a500000,0x000000ad3a600000)]
  0x00000263b6aed000 JavaThread "Signal Dispatcher" daemon [_thread_blocked, id=6904, stack(0x000000ad3a700000,0x000000ad3a800000)]
  0x00000263b6aed800 JavaThread "Attach Listener" daemon [_thread_blocked, id=12328, stack(0x000000ad3a800000,0x000000ad3a900000)]
  0x00000263b6af1000 JavaThread "Service Thread" daemon [_thread_blocked, id=12152, stack(0x000000ad3a900000,0x000000ad3aa00000)]
  0x00000263b6af4800 JavaThread "C2 CompilerThread0" daemon [_thread_blocked, id=12656, stack(0x000000ad3aa00000,0x000000ad3ab00000)]
  0x00000263b6af5800 JavaThread "C1 CompilerThread0" daemon [_thread_blocked, id=9552, stack(0x000000ad3ab00000,0x000000ad3ac00000)]
  0x00000263b6af9000 JavaThread "Sweeper thread" daemon [_thread_blocked, id=3332, stack(0x000000ad3ac00000,0x000000ad3ad00000)]
  0x00000263b759d800 JavaThread "Common-Cleaner" daemon [_thread_blocked, id=12568, stack(0x000000ad3ad00000,0x000000ad3ae00000)]
  0x00000263b8e57000 JavaThread "Daemon health stats" [_thread_blocked, id=5348, stack(0x000000ad3b200000,0x000000ad3b300000)]
  0x00000263b77f7000 JavaThread "Incoming local TCP Connector on port 61062" [_thread_in_native, id=10624, stack(0x000000ad3b400000,0x000000ad3b500000)]
  0x00000263b891e800 JavaThread "Daemon periodic checks" [_thread_blocked, id=11812, stack(0x000000ad3b500000,0x000000ad3b600000)]
  0x00000263b8b39000 JavaThread "Daemon" [_thread_blocked, id=9456, stack(0x000000ad3b600000,0x000000ad3b700000)]
  0x00000263b876b800 JavaThread "Handler for socket connection from /127.0.0.1:61062 to /127.0.0.1:61063" [_thread_in_native, id=12472, stack(0x000000ad3b700000,0x000000ad3b800000)]
  0x00000263ba123800 JavaThread "Cancel handler" [_thread_blocked, id=7692, stack(0x000000ad3b800000,0x000000ad3b900000)]
  0x00000263b9a0d800 JavaThread "Daemon worker" [_thread_blocked, id=8060, stack(0x000000ad3b900000,0x000000ad3ba00000)]
  0x00000263b9a21800 JavaThread "Asynchronous log dispatcher for DefaultDaemonConnection: socket connection from /127.0.0.1:61062 to /127.0.0.1:61063" [_thread_blocked, id=6992, stack(0x000000ad3ba00000,0x000000ad3bb00000)]
  0x00000263b9a25800 JavaThread "Thread-8" [_thread_blocked, id=3148, stack(0x000000ad3bc00000,0x000000ad3bd00000)]
  0x00000263b9a22800 JavaThread "Cache worker for file hash cache (C:\Users\Muhammad Kamran\.gradle\caches\6.7\fileHashes)" [_thread_blocked, id=11892, stack(0x000000ad3be00000,0x000000ad3bf00000)]
  0x00000263b9a23000 JavaThread "File lock request listener" [_thread_in_native, id=11252, stack(0x000000ad3bf00000,0x000000ad3c000000)]
  0x00000263b9a26800 JavaThread "Cache worker for journal cache (C:\Users\Muhammad Kamran\.gradle\caches\journal-1)" [_thread_blocked, id=8288, stack(0x000000ad3c000000,0x000000ad3c100000)]
  0x00000263b9a24800 JavaThread "Cache worker for file hash cache (C:\Users\Muhammad Kamran\Desktop\Flutter\checkcode\android\.gradle\6.7\fileHashes)" [_thread_blocked, id=7880, stack(0x000000ad3c200000,0x000000ad3c300000)]
  0x00000263b9a28000 JavaThread "Cache worker for checksums cache (C:\Users\Muhammad Kamran\Desktop\Flutter\checkcode\android\.gradle\checksums)" [_thread_blocked, id=2884, stack(0x000000ad3c300000,0x000000ad3c400000)]
  0x00000263b9a27000 JavaThread "Cache worker for cache directory md-supplier (C:\Users\Muhammad Kamran\.gradle\caches\6.7\md-supplier)" [_thread_blocked, id=7896, stack(0x000000ad3c400000,0x000000ad3c500000)]
  0x00000263bc79c800 JavaThread "Cache worker for cache directory md-rule (C:\Users\Muhammad Kamran\.gradle\caches\6.7\md-rule)" [_thread_blocked, id=7452, stack(0x000000ad3c500000,0x000000ad3c600000)]
  0x00000263bc79d000 JavaThread "Cache worker for execution history cache (C:\Users\Muhammad Kamran\.gradle\caches\6.7\executionHistory)" [_thread_blocked, id=11404, stack(0x000000ad3c600000,0x000000ad3c700000)]
  0x00000263bc79b800 JavaThread "Cache worker for file content cache (C:\Users\Muhammad Kamran\.gradle\caches\6.7\fileContent)" [_thread_blocked, id=9100, stack(0x000000ad3c800000,0x000000ad3c900000)]
  0x00000263bc7a3800 JavaThread "Cache worker for Build Output Cleanup Cache (C:\Users\Muhammad Kamran\Desktop\Flutter\checkcode\android\.gradle\buildOutputCleanup)" [_thread_blocked, id=10780, stack(0x000000ad3c900000,0x000000ad3ca00000)]
  0x00000263bc7a3000 JavaThread "Build operations" [_thread_blocked, id=408, stack(0x000000ad3ca00000,0x000000ad3cb00000)]
  0x00000263bc7a6000 JavaThread "Build operations Thread 2" [_thread_blocked, id=12504, stack(0x000000ad3cb00000,0x000000ad3cc00000)]
  0x00000263bc7a0800 JavaThread "Build operations Thread 3" [_thread_blocked, id=10340, stack(0x000000ad3cc00000,0x000000ad3cd00000)]
  0x00000263bc7a4800 JavaThread "Build operations Thread 4" [_thread_blocked, id=1956, stack(0x000000ad3cd00000,0x000000ad3ce00000)]
  0x00000263bd0c7800 JavaThread "pool-1-thread-1" [_thread_blocked, id=11332, stack(0x000000ad43d00000,0x000000ad43e00000)]
  0x00000263bd0c2000 JavaThread "Memory manager" [_thread_blocked, id=12048, stack(0x000000ad43e00000,0x000000ad43f00000)]
  0x00000263bd0ca000 JavaThread "Execution worker for ':'" [_thread_blocked, id=12144, stack(0x000000ad43f00000,0x000000ad44000000)]
  0x00000263bd0cb000 JavaThread "Execution worker for ':' Thread 2" [_thread_blocked, id=9080, stack(0x000000ad44000000,0x000000ad44100000)]
  0x00000263bd0c8800 JavaThread "Execution worker for ':' Thread 3" [_thread_blocked, id=10592, stack(0x000000ad44100000,0x000000ad44200000)]
  0x00000263bd0cc000 JavaThread "Cache worker for execution history cache (C:\Users\Muhammad Kamran\Desktop\Flutter\checkcode\android\.gradle\6.7\executionHistory)" [_thread_blocked, id=12864, stack(0x000000ad44200000,0x000000ad44300000)]
  0x00000263b9b31000 JavaThread "WorkerExecutor Queue" [_thread_blocked, id=2948, stack(0x000000ad44600000,0x000000ad44700000)]
  0x00000263b9b34000 JavaThread "pool-2-thread-1" [_thread_blocked, id=1056, stack(0x000000ad44a00000,0x000000ad44b00000)]
  0x00000263b9b2e800 JavaThread "stderr" [_thread_in_native, id=12828, stack(0x000000ad44b00000,0x000000ad44c00000)]
  0x00000263b9b35000 JavaThread "stdout" [_thread_in_native, id=12268, stack(0x000000ad44c00000,0x000000ad44d00000)]
  0x00000263b9b2f000 JavaThread "stderr" [_thread_in_native, id=1104, stack(0x000000ad44d00000,0x000000ad44e00000)]
  0x00000263b9b36000 JavaThread "stdout" [_thread_in_native, id=4784, stack(0x000000ad44e00000,0x000000ad44f00000)]
  0x00000263b9b30000 JavaThread "stderr" [_thread_in_native, id=264, stack(0x000000ad44f00000,0x000000ad45000000)]
  0x00000263b9b3a800 JavaThread "stdout" [_thread_in_native, id=9076, stack(0x000000ad45000000,0x000000ad45100000)]
  0x00000263b9b36800 JavaThread "stderr" [_thread_in_native, id=10796, stack(0x000000ad45100000,0x000000ad45200000)]
  0x00000263b9b37800 JavaThread "stdout" [_thread_in_native, id=10580, stack(0x000000ad45200000,0x000000ad45300000)]
  0x00000263c0e45000 JavaThread "WorkerExecutor Queue Thread 5" [_thread_blocked, id=3572, stack(0x000000ad45300000,0x000000ad45400000)]
  0x00000263c0e46800 JavaThread "RMI Scheduler(0)" daemon [_thread_blocked, id=1444, stack(0x000000ad3c100000,0x000000ad3c200000)]
  0x00000263c0e44800 JavaThread "RMI GC Daemon" daemon [_thread_blocked, id=9656, stack(0x000000ad45400000,0x000000ad45500000)]
  0x00000263c0e47800 JavaThread "RMI TCP Accept-0" daemon [_thread_in_native, id=2536, stack(0x000000ad45500000,0x000000ad45600000)]
  0x00000263c0e46000 JavaThread "RMI Reaper" [_thread_blocked, id=6844, stack(0x000000ad45600000,0x000000ad45700000)]
  0x00000263c0e4b000 JavaThread "RMI TCP Connection(idle)" daemon [_thread_blocked, id=1584, stack(0x000000ad45800000,0x000000ad45900000)]
  0x00000263c0e48800 JavaThread "Cache worker for Java compile cache (C:\Users\Muhammad Kamran\.gradle\caches\6.7\javaCompile)" [_thread_blocked, id=10508, stack(0x000000ad39b00000,0x000000ad39c00000)]
  0x00000263c0e42800 JavaThread "Cache worker for Java compile cache (C:\Users\Muhammad Kamran\Desktop\Flutter\checkcode\android\.gradle\6.7\javaCompile)" [_thread_blocked, id=4048, stack(0x000000ad39c00000,0x000000ad39d00000)]
=>0x00000263bd0c3800 JavaThread "ForkJoinPool.commonPool-worker-3" daemon [_thread_in_vm, id=9004, stack(0x000000ad3a600000,0x000000ad3a700000)]
  0x00000263bd0bf800 JavaThread "ForkJoinPool.commonPool-worker-5" daemon [_thread_blocked, id=3728, stack(0x000000ad3bb00000,0x000000ad3bc00000)]
  0x00000263bd0c0800 JavaThread "ForkJoinPool.commonPool-worker-7" daemon [_thread_blocked, id=9440, stack(0x000000ad3c700000,0x000000ad3c800000)]
  0x00000263bd0c1000 JavaThread "WorkerExecutor Queue Thread 7" [_thread_blocked, id=7104, stack(0x000000ad3ce00000,0x000000ad3cf00000)]
  0x00000263bd0c4800 JavaThread "C2 CompilerThread1" daemon [_thread_blocked, id=12696, stack(0x000000ad3cf00000,0x000000ad3d000000)]

Other Threads:
  0x00000263b6aa6800 VMThread "VM Thread" [stack: 0x000000ad3a300000,0x000000ad3a400000] [id=13060]
  0x00000263b75bc800 WatcherThread [stack: 0x000000ad3ae00000,0x000000ad3af00000] [id=2940]
  0x000002639e217800 GCTaskThread "GC Thread#0" [stack: 0x000000ad39e00000,0x000000ad39f00000] [id=7400]
  0x00000263b7a76000 GCTaskThread "GC Thread#1" [stack: 0x000000ad3b000000,0x000000ad3b100000] [id=12700]
  0x00000263b7e53800 GCTaskThread "GC Thread#2" [stack: 0x000000ad3b100000,0x000000ad3b200000] [id=10256]
  0x00000263b8950800 GCTaskThread "GC Thread#3" [stack: 0x000000ad3bd00000,0x000000ad3be00000] [id=1536]
  0x000002639e23d800 ConcurrentGCThread "G1 Main Marker" [stack: 0x000000ad39f00000,0x000000ad3a000000] [id=1752]
  0x000002639e23f000 ConcurrentGCThread "G1 Conc#0" [stack: 0x000000ad3a000000,0x000000ad3a100000] [id=2916]
  0x000002639e2cf000 ConcurrentGCThread "G1 Refine#0" [stack: 0x000000ad3a100000,0x000000ad3a200000] [id=13292]
  0x000002639e2d0000 ConcurrentGCThread "G1 Young RemSet Sampling" [stack: 0x000000ad3a200000,0x000000ad3a300000] [id=7396]

Threads with active compile tasks:

VM state:not at safepoint (normal execution)

VM Mutex/Monitor currently owned by a thread:  ([mutex/lock_event])
[0x000002639e1fca50] Heap_lock - owner thread: 0x00000263bd0c3800

Heap address: 0x00000000a0000000, size: 1536 MB, Compressed Oops mode: 32-bit
Narrow klass base: 0x0000000000000000, Narrow klass shift: 3
Compressed class space size: 1073741824 Address: 0x0000000100000000

Heap:
 garbage-first heap   total 412672K, used 299962K [0x00000000a0000000, 0x0000000100000000)
  region size 1024K, 5 young (5120K), 3 survivors (3072K)
 Metaspace       used 120688K, capacity 124219K, committed 124416K, reserved 1157120K
  class space    used 15437K, capacity 16785K, committed 16896K, reserved 1048576K
Heap Regions: E=young(eden), S=young(survivor), O=old, HS=humongous(starts), HC=humongous(continues), CS=collection set, F=free, A=archive, TAMS=top-at-mark-start (previous, next)
|   0|0x00000000a0000000, 0x00000000a0100000, 0x00000000a0100000|100%| O|  |TAMS 0x00000000a0100000, 0x00000000a0000000| Untracked 
|   1|0x00000000a0100000, 0x00000000a0200000, 0x00000000a0200000|100%| O|  |TAMS 0x00000000a0200000, 0x00000000a0100000| Untracked 
|   2|0x00000000a0200000, 0x00000000a0300000, 0x00000000a0300000|100%| O|  |TAMS 0x00000000a0300000, 0x00000000a0200000| Untracked 
|   3|0x00000000a0300000, 0x00000000a0400000, 0x00000000a0400000|100%|HS|  |TAMS 0x00000000a0400000, 0x00000000a0300000| Complete 
|   4|0x00000000a0400000, 0x00000000a0500000, 0x00000000a0500000|100%|HC|  |TAMS 0x00000000a0500000, 0x00000000a0400000| Complete 
|   5|0x00000000a0500000, 0x00000000a0600000, 0x00000000a0600000|100%|HC|  |TAMS 0x00000000a0600000, 0x00000000a0500000| Complete 
|   6|0x00000000a0600000, 0x00000000a0700000, 0x00000000a0700000|100%| O|  |TAMS 0x00000000a0700000, 0x00000000a0600000| Untracked 
|   7|0x00000000a0700000, 0x00000000a0800000, 0x00000000a0800000|100%| O|  |TAMS 0x00000000a0800000, 0x00000000a0700000| Untracked 
|   8|0x00000000a0800000, 0x00000000a0900000, 0x00000000a0900000|100%| O|  |TAMS 0x00000000a0900000, 0x00000000a0800000| Untracked 
|   9|0x00000000a0900000, 0x00000000a0a00000, 0x00000000a0a00000|100%| O|  |TAMS 0x00000000a0a00000, 0x00000000a0900000| Untracked 
|  10|0x00000000a0a00000, 0x00000000a0b00000, 0x00000000a0b00000|100%| O|  |TAMS 0x00000000a0b00000, 0x00000000a0a00000| Untracked 
|  11|0x00000000a0b00000, 0x00000000a0c00000, 0x00000000a0c00000|100%| O|  |TAMS 0x00000000a0c00000, 0x00000000a0b00000| Complete 
|  12|0x00000000a0c00000, 0x00000000a0d00000, 0x00000000a0d00000|100%| O|  |TAMS 0x00000000a0d00000, 0x00000000a0c00000| Complete 
|  13|0x00000000a0d00000, 0x00000000a0e00000, 0x00000000a0e00000|100%| O|  |TAMS 0x00000000a0e00000, 0x00000000a0d00000| Untracked 
|  14|0x00000000a0e00000, 0x00000000a0f00000, 0x00000000a0f00000|100%| O|  |TAMS 0x00000000a0f00000, 0x00000000a0e00000| Untracked 
|  15|0x00000000a0f00000, 0x00000000a1000000, 0x00000000a1000000|100%| O|  |TAMS 0x00000000a1000000, 0x00000000a0f00000| Untracked 
|  16|0x00000000a1000000, 0x00000000a1100000, 0x00000000a1100000|100%| O|  |TAMS 0x00000000a1100000, 0x00000000a1000000| Untracked 
|  17|0x00000000a1100000, 0x00000000a1200000, 0x00000000a1200000|100%| O|  |TAMS 0x00000000a1200000, 0x00000000a1100000| Complete 
|  18|0x00000000a1200000, 0x00000000a1300000, 0x00000000a1300000|100%|HS|  |TAMS 0x00000000a1300000, 0x00000000a1200000| Complete 
|  19|0x00000000a1300000, 0x00000000a1400000, 0x00000000a1400000|100%| O|  |TAMS 0x00000000a1400000, 0x00000000a1300000| Untracked 
|  20|0x00000000a1400000, 0x00000000a1500000, 0x00000000a1500000|100%| O|  |TAMS 0x00000000a1500000, 0x00000000a1400000| Untracked 
|  21|0x00000000a1500000, 0x00000000a1600000, 0x00000000a1600000|100%| O|  |TAMS 0x00000000a1600000, 0x00000000a1500000| Untracked 
|  22|0x00000000a1600000, 0x00000000a1700000, 0x00000000a1700000|100%|HS|  |TAMS 0x00000000a1700000, 0x00000000a1600000| Complete 
|  23|0x00000000a1700000, 0x00000000a1800000, 0x00000000a1800000|100%|HC|  |TAMS 0x00000000a1800000, 0x00000000a1700000| Complete 
|  24|0x00000000a1800000, 0x00000000a1900000, 0x00000000a1900000|100%|HC|  |TAMS 0x00000000a1900000, 0x00000000a1800000| Complete 
|  25|0x00000000a1900000, 0x00000000a1a00000, 0x00000000a1a00000|100%|HS|  |TAMS 0x00000000a1a00000, 0x00000000a1900000| Complete 
|  26|0x00000000a1a00000, 0x00000000a1b00000, 0x00000000a1b00000|100%|HC|  |TAMS 0x00000000a1b00000, 0x00000000a1a00000| Complete 
|  27|0x00000000a1b00000, 0x00000000a1c00000, 0x00000000a1c00000|100%| O|  |TAMS 0x00000000a1c00000, 0x00000000a1b00000| Untracked 
|  28|0x00000000a1c00000, 0x00000000a1d00000, 0x00000000a1d00000|100%| O|  |TAMS 0x00000000a1d00000, 0x00000000a1c00000| Untracked 
|  29|0x00000000a1d00000, 0x00000000a1e00000, 0x00000000a1e00000|100%| O|  |TAMS 0x00000000a1e00000, 0x00000000a1d00000| Complete 
|  30|0x00000000a1e00000, 0x00000000a1f00000, 0x00000000a1f00000|100%| O|  |TAMS 0x00000000a1f00000, 0x00000000a1e00000| Untracked 
|  31|0x00000000a1f00000, 0x00000000a2000000, 0x00000000a2000000|100%| O|  |TAMS 0x00000000a2000000, 0x00000000a1f00000| Untracked 
|  32|0x00000000a2000000, 0x00000000a2100000, 0x00000000a2100000|100%| O|  |TAMS 0x00000000a2100000, 0x00000000a2000000| Untracked 
|  33|0x00000000a2100000, 0x00000000a2200000, 0x00000000a2200000|100%| O|  |TAMS 0x00000000a2200000, 0x00000000a2100000| Untracked 
|  34|0x00000000a2200000, 0x00000000a2300000, 0x00000000a2300000|100%| O|  |TAMS 0x00000000a2300000, 0x00000000a2200000| Complete 
|  35|0x00000000a2300000, 0x00000000a2400000, 0x00000000a2400000|100%| O|  |TAMS 0x00000000a2400000, 0x00000000a2300000| Complete 
|  36|0x00000000a2400000, 0x00000000a2500000, 0x00000000a2500000|100%| O|  |TAMS 0x00000000a2500000, 0x00000000a2400000| Untracked 
|  37|0x00000000a2500000, 0x00000000a2600000, 0x00000000a2600000|100%| O|  |TAMS 0x00000000a2600000, 0x00000000a2500000| Untracked 
|  38|0x00000000a2600000, 0x00000000a2700000, 0x00000000a2700000|100%| O|  |TAMS 0x00000000a2700000, 0x00000000a2600000| Untracked 
|  39|0x00000000a2700000, 0x00000000a2800000, 0x00000000a2800000|100%| O|  |TAMS 0x00000000a2800000, 0x00000000a2700000| Untracked 
|  40|0x00000000a2800000, 0x00000000a2900000, 0x00000000a2900000|100%| O|  |TAMS 0x00000000a2900000, 0x00000000a2800000| Untracked 
|  41|0x00000000a2900000, 0x00000000a2a00000, 0x00000000a2a00000|100%| O|  |TAMS 0x00000000a2a00000, 0x00000000a2900000| Complete 
|  42|0x00000000a2a00000, 0x00000000a2b00000, 0x00000000a2b00000|100%| O|  |TAMS 0x00000000a2b00000, 0x00000000a2a00000| Untracked 
|  43|0x00000000a2b00000, 0x00000000a2c00000, 0x00000000a2c00000|100%| O|  |TAMS 0x00000000a2c00000, 0x00000000a2b00000| Untracked 
|  44|0x00000000a2c00000, 0x00000000a2d00000, 0x00000000a2d00000|100%| O|  |TAMS 0x00000000a2d00000, 0x00000000a2c00000| Untracked 
|  45|0x00000000a2d00000, 0x00000000a2e00000, 0x00000000a2e00000|100%| O|  |TAMS 0x00000000a2e00000, 0x00000000a2d00000| Untracked 
|  46|0x00000000a2e00000, 0x00000000a2f00000, 0x00000000a2f00000|100%| O|  |TAMS 0x00000000a2f00000, 0x00000000a2e00000| Untracked 
|  47|0x00000000a2f00000, 0x00000000a3000000, 0x00000000a3000000|100%| O|  |TAMS 0x00000000a3000000, 0x00000000a2f00000| Untracked 
|  48|0x00000000a3000000, 0x00000000a3100000, 0x00000000a3100000|100%| O|  |TAMS 0x00000000a3100000, 0x00000000a3000000| Untracked 
|  49|0x00000000a3100000, 0x00000000a3200000, 0x00000000a3200000|100%| O|  |TAMS 0x00000000a3200000, 0x00000000a3100000| Untracked 
|  50|0x00000000a3200000, 0x00000000a3300000, 0x00000000a3300000|100%| O|  |TAMS 0x00000000a3300000, 0x00000000a3200000| Untracked 
|  51|0x00000000a3300000, 0x00000000a3400000, 0x00000000a3400000|100%| O|  |TAMS 0x00000000a3400000, 0x00000000a3300000| Untracked 
|  52|0x00000000a3400000, 0x00000000a3500000, 0x00000000a3500000|100%| O|  |TAMS 0x00000000a3500000, 0x00000000a3400000| Untracked 
|  53|0x00000000a3500000, 0x00000000a3600000, 0x00000000a3600000|100%| O|  |TAMS 0x00000000a3600000, 0x00000000a3500000| Complete 
|  54|0x00000000a3600000, 0x00000000a3700000, 0x00000000a3700000|100%| O|  |TAMS 0x00000000a3700000, 0x00000000a3600000| Complete 
|  55|0x00000000a3700000, 0x00000000a3800000, 0x00000000a3800000|100%| O|  |TAMS 0x00000000a3800000, 0x00000000a3700000| Untracked 
|  56|0x00000000a3800000, 0x00000000a3900000, 0x00000000a3900000|100%| O|  |TAMS 0x00000000a3900000, 0x00000000a3800000| Untracked 
|  57|0x00000000a3900000, 0x00000000a3a00000, 0x00000000a3a00000|100%| O|  |TAMS 0x00000000a3a00000, 0x00000000a3900000| Untracked 
|  58|0x00000000a3a00000, 0x00000000a3b00000, 0x00000000a3b00000|100%| O|  |TAMS 0x00000000a3b00000, 0x00000000a3a00000| Untracked 
|  59|0x00000000a3b00000, 0x00000000a3c00000, 0x00000000a3c00000|100%| O|  |TAMS 0x00000000a3c00000, 0x00000000a3b00000| Untracked 
|  60|0x00000000a3c00000, 0x00000000a3d00000, 0x00000000a3d00000|100%| O|  |TAMS 0x00000000a3d00000, 0x00000000a3c00000| Untracked 
|  61|0x00000000a3d00000, 0x00000000a3e00000, 0x00000000a3e00000|100%| O|  |TAMS 0x00000000a3e00000, 0x00000000a3d00000| Untracked 
|  62|0x00000000a3e00000, 0x00000000a3f00000, 0x00000000a3f00000|100%| O|  |TAMS 0x00000000a3f00000, 0x00000000a3e00000| Complete 
|  63|0x00000000a3f00000, 0x00000000a4000000, 0x00000000a4000000|100%| O|  |TAMS 0x00000000a4000000, 0x00000000a3f00000| Untracked 
|  64|0x00000000a4000000, 0x00000000a4100000, 0x00000000a4100000|100%| O|  |TAMS 0x00000000a4100000, 0x00000000a4000000| Untracked 
|  65|0x00000000a4100000, 0x00000000a4200000, 0x00000000a4200000|100%| O|  |TAMS 0x00000000a4200000, 0x00000000a4100000| Complete 
|  66|0x00000000a4200000, 0x00000000a4300000, 0x00000000a4300000|100%| O|  |TAMS 0x00000000a4300000, 0x00000000a4200000| Untracked 
|  67|0x00000000a4300000, 0x00000000a4400000, 0x00000000a4400000|100%| O|  |TAMS 0x00000000a4400000, 0x00000000a4300000| Untracked 
|  68|0x00000000a4400000, 0x00000000a4500000, 0x00000000a4500000|100%| O|  |TAMS 0x00000000a4500000, 0x00000000a4400000| Untracked 
|  69|0x00000000a4500000, 0x00000000a4600000, 0x00000000a4600000|100%| O|  |TAMS 0x00000000a4600000, 0x00000000a4500000| Untracked 
|  70|0x00000000a4600000, 0x00000000a4700000, 0x00000000a4700000|100%| O|  |TAMS 0x00000000a4700000, 0x00000000a4600000| Untracked 
|  71|0x00000000a4700000, 0x00000000a4800000, 0x00000000a4800000|100%| O|  |TAMS 0x00000000a4800000, 0x00000000a4700000| Untracked 
|  72|0x00000000a4800000, 0x00000000a4900000, 0x00000000a4900000|100%| O|  |TAMS 0x00000000a4900000, 0x00000000a4800000| Complete 
|  73|0x00000000a4900000, 0x00000000a4a00000, 0x00000000a4a00000|100%| O|  |TAMS 0x00000000a4a00000, 0x00000000a4900000| Complete 
|  74|0x00000000a4a00000, 0x00000000a4b00000, 0x00000000a4b00000|100%|HS|  |TAMS 0x00000000a4a00000, 0x00000000a4a00000| Complete 
|  75|0x00000000a4b00000, 0x00000000a4c00000, 0x00000000a4c00000|100%| O|  |TAMS 0x00000000a4c00000, 0x00000000a4b00000| Complete 
|  76|0x00000000a4c00000, 0x00000000a4c00000, 0x00000000a4d00000|  0%| F|  |TAMS 0x00000000a4c00000, 0x00000000a4c00000| Untracked 
|  77|0x00000000a4d00000, 0x00000000a4e00000, 0x00000000a4e00000|100%| O|  |TAMS 0x00000000a4e00000, 0x00000000a4d00000| Complete 
|  78|0x00000000a4e00000, 0x00000000a4e00000, 0x00000000a4f00000|  0%| F|  |TAMS 0x00000000a4e00000, 0x00000000a4e00000| Untracked 
|  79|0x00000000a4f00000, 0x00000000a5000000, 0x00000000a5000000|100%| O|  |TAMS 0x00000000a5000000, 0x00000000a4f00000| Complete 
|  80|0x00000000a5000000, 0x00000000a5100000, 0x00000000a5100000|100%| O|  |TAMS 0x00000000a5100000, 0x00000000a5000000| Complete 
|  81|0x00000000a5100000, 0x00000000a5200000, 0x00000000a5200000|100%| O|  |TAMS 0x00000000a5200000, 0x00000000a5100000| Complete 
|  82|0x00000000a5200000, 0x00000000a5300000, 0x00000000a5300000|100%| O|  |TAMS 0x00000000a5300000, 0x00000000a5200000| Complete 
|  83|0x00000000a5300000, 0x00000000a5400000, 0x00000000a5400000|100%| O|  |TAMS 0x00000000a5400000, 0x00000000a5300000| Complete 
|  84|0x00000000a5400000, 0x00000000a5500000, 0x00000000a5500000|100%|HS|  |TAMS 0x00000000a5500000, 0x00000000a5400000| Complete 
|  85|0x00000000a5500000, 0x00000000a5600000, 0x00000000a5600000|100%| O|  |TAMS 0x00000000a5600000, 0x00000000a5500000| Untracked 
|  86|0x00000000a5600000, 0x00000000a5700000, 0x00000000a5700000|100%| O|  |TAMS 0x00000000a5700000, 0x00000000a5600000| Complete 
|  87|0x00000000a5700000, 0x00000000a5800000, 0x00000000a5800000|100%| O|  |TAMS 0x00000000a5800000, 0x00000000a5700000| Complete 
|  88|0x00000000a5800000, 0x00000000a5900000, 0x00000000a5900000|100%| O|  |TAMS 0x00000000a5900000, 0x00000000a5800000| Complete 
|  89|0x00000000a5900000, 0x00000000a5900000, 0x00000000a5a00000|  0%| F|  |TAMS 0x00000000a5900000, 0x00000000a5900000| Untracked 
|  90|0x00000000a5a00000, 0x00000000a5b00000, 0x00000000a5b00000|100%| O|  |TAMS 0x00000000a5b00000, 0x00000000a5a00000| Complete 
|  91|0x00000000a5b00000, 0x00000000a5c00000, 0x00000000a5c00000|100%| O|  |TAMS 0x00000000a5c00000, 0x00000000a5b00000| Complete 
|  92|0x00000000a5c00000, 0x00000000a5d00000, 0x00000000a5d00000|100%| O|  |TAMS 0x00000000a5d00000, 0x00000000a5c00000| Untracked 
|  93|0x00000000a5d00000, 0x00000000a5e00000, 0x00000000a5e00000|100%| O|  |TAMS 0x00000000a5e00000, 0x00000000a5d00000| Complete 
|  94|0x00000000a5e00000, 0x00000000a5f00000, 0x00000000a5f00000|100%| O|  |TAMS 0x00000000a5f00000, 0x00000000a5e00000| Complete 
|  95|0x00000000a5f00000, 0x00000000a6000000, 0x00000000a6000000|100%| O|  |TAMS 0x00000000a6000000, 0x00000000a5f00000| Complete 
|  96|0x00000000a6000000, 0x00000000a6100000, 0x00000000a6100000|100%| O|  |TAMS 0x00000000a6100000, 0x00000000a6000000| Complete 
|  97|0x00000000a6100000, 0x00000000a6100000, 0x00000000a6200000|  0%| F|  |TAMS 0x00000000a6100000, 0x00000000a6100000| Untracked 
|  98|0x00000000a6200000, 0x00000000a6200000, 0x00000000a6300000|  0%| F|  |TAMS 0x00000000a6200000, 0x00000000a6200000| Untracked 
|  99|0x00000000a6300000, 0x00000000a6400000, 0x00000000a6400000|100%| O|  |TAMS 0x00000000a6400000, 0x00000000a6300000| Complete 
| 100|0x00000000a6400000, 0x00000000a6500000, 0x00000000a6500000|100%| O|  |TAMS 0x00000000a6500000, 0x00000000a6400000| Complete 
| 101|0x00000000a6500000, 0x00000000a6600000, 0x00000000a6600000|100%| O|  |TAMS 0x00000000a6600000, 0x00000000a6500000| Complete 
| 102|0x00000000a6600000, 0x00000000a6700000, 0x00000000a6700000|100%| O|  |TAMS 0x00000000a6700000, 0x00000000a6600000| Complete 
| 103|0x00000000a6700000, 0x00000000a6800000, 0x00000000a6800000|100%| O|  |TAMS 0x00000000a6800000, 0x00000000a6700000| Complete 
| 104|0x00000000a6800000, 0x00000000a6900000, 0x00000000a6900000|100%| O|  |TAMS 0x00000000a6900000, 0x00000000a6800000| Complete 
| 105|0x00000000a6900000, 0x00000000a6a00000, 0x00000000a6a00000|100%| O|  |TAMS 0x00000000a6a00000, 0x00000000a6900000| Complete 
| 106|0x00000000a6a00000, 0x00000000a6b00000, 0x00000000a6b00000|100%|HS|  |TAMS 0x00000000a6a00000, 0x00000000a6a00000| Complete 
| 107|0x00000000a6b00000, 0x00000000a6c00000, 0x00000000a6c00000|100%|HC|  |TAMS 0x00000000a6b00000, 0x00000000a6b00000| Complete 
| 108|0x00000000a6c00000, 0x00000000a6d00000, 0x00000000a6d00000|100%|HC|  |TAMS 0x00000000a6c00000, 0x00000000a6c00000| Complete 
| 109|0x00000000a6d00000, 0x00000000a6e00000, 0x00000000a6e00000|100%|HC|  |TAMS 0x00000000a6d00000, 0x00000000a6d00000| Complete 
| 110|0x00000000a6e00000, 0x00000000a6f00000, 0x00000000a6f00000|100%| O|  |TAMS 0x00000000a6f00000, 0x00000000a6e00000| Untracked 
| 111|0x00000000a6f00000, 0x00000000a7000000, 0x00000000a7000000|100%| O|  |TAMS 0x00000000a7000000, 0x00000000a6f00000| Complete 
| 112|0x00000000a7000000, 0x00000000a7100000, 0x00000000a7100000|100%| O|  |TAMS 0x00000000a7100000, 0x00000000a7000000| Untracked 
| 113|0x00000000a7100000, 0x00000000a7200000, 0x00000000a7200000|100%| O|  |TAMS 0x00000000a7200000, 0x00000000a7100000| Complete 
| 114|0x00000000a7200000, 0x00000000a7300000, 0x00000000a7300000|100%| O|  |TAMS 0x00000000a7300000, 0x00000000a7200000| Complete 
| 115|0x00000000a7300000, 0x00000000a7400000, 0x00000000a7400000|100%| O|  |TAMS 0x00000000a7400000, 0x00000000a7300000| Complete 
| 116|0x00000000a7400000, 0x00000000a7500000, 0x00000000a7500000|100%| O|  |TAMS 0x00000000a7500000, 0x00000000a7400000| Complete 
| 117|0x00000000a7500000, 0x00000000a7600000, 0x00000000a7600000|100%| O|  |TAMS 0x00000000a7600000, 0x00000000a7500000| Untracked 
| 118|0x00000000a7600000, 0x00000000a7700000, 0x00000000a7700000|100%| O|  |TAMS 0x00000000a7700000, 0x00000000a7600000| Complete 
| 119|0x00000000a7700000, 0x00000000a7800000, 0x00000000a7800000|100%| O|  |TAMS 0x00000000a7800000, 0x00000000a7700000| Complete 
| 120|0x00000000a7800000, 0x00000000a7800000, 0x00000000a7900000|  0%| F|  |TAMS 0x00000000a7800000, 0x00000000a7800000| Untracked 
| 121|0x00000000a7900000, 0x00000000a7900000, 0x00000000a7a00000|  0%| F|  |TAMS 0x00000000a7900000, 0x00000000a7900000| Untracked 
| 122|0x00000000a7a00000, 0x00000000a7a00000, 0x00000000a7b00000|  0%| F|  |TAMS 0x00000000a7a00000, 0x00000000a7a00000| Untracked 
| 123|0x00000000a7b00000, 0x00000000a7b00000, 0x00000000a7c00000|  0%| F|  |TAMS 0x00000000a7b00000, 0x00000000a7b00000| Untracked 
| 124|0x00000000a7c00000, 0x00000000a7d00000, 0x00000000a7d00000|100%| O|  |TAMS 0x00000000a7d00000, 0x00000000a7c00000| Complete 
| 125|0x00000000a7d00000, 0x00000000a7d00000, 0x00000000a7e00000|  0%| F|  |TAMS 0x00000000a7d00000, 0x00000000a7d00000| Untracked 
| 126|0x00000000a7e00000, 0x00000000a7e00000, 0x00000000a7f00000|  0%| F|  |TAMS 0x00000000a7e00000, 0x00000000a7e00000| Untracked 
| 127|0x00000000a7f00000, 0x00000000a7f00000, 0x00000000a8000000|  0%| F|  |TAMS 0x00000000a7f00000, 0x00000000a7f00000| Untracked 
| 128|0x00000000a8000000, 0x00000000a8100000, 0x00000000a8100000|100%| O|  |TAMS 0x00000000a8100000, 0x00000000a8000000| Untracked 
| 129|0x00000000a8100000, 0x00000000a8100000, 0x00000000a8200000|  0%| F|  |TAMS 0x00000000a8100000, 0x00000000a8100000| Untracked 
| 130|0x00000000a8200000, 0x00000000a8200000, 0x00000000a8300000|  0%| F|  |TAMS 0x00000000a8200000, 0x00000000a8200000| Untracked 
| 131|0x00000000a8300000, 0x00000000a8300000, 0x00000000a8400000|  0%| F|  |TAMS 0x00000000a8300000, 0x00000000a8300000| Untracked 
| 132|0x00000000a8400000, 0x00000000a8400000, 0x00000000a8500000|  0%| F|  |TAMS 0x00000000a8400000, 0x00000000a8400000| Untracked 
| 133|0x00000000a8500000, 0x00000000a8500000, 0x00000000a8600000|  0%| F|  |TAMS 0x00000000a8500000, 0x00000000a8500000| Untracked 
| 134|0x00000000a8600000, 0x00000000a8700000, 0x00000000a8700000|100%| O|  |TAMS 0x00000000a8700000, 0x00000000a8600000| Complete 
| 135|0x00000000a8700000, 0x00000000a8800000, 0x00000000a8800000|100%| O|  |TAMS 0x00000000a8800000, 0x00000000a8700000| Complete 
| 136|0x00000000a8800000, 0x00000000a8900000, 0x00000000a8900000|100%| O|  |TAMS 0x00000000a8900000, 0x00000000a8800000| Complete 
| 137|0x00000000a8900000, 0x00000000a8900000, 0x00000000a8a00000|  0%| F|  |TAMS 0x00000000a8900000, 0x00000000a8900000| Untracked 
| 138|0x00000000a8a00000, 0x00000000a8a00000, 0x00000000a8b00000|  0%| F|  |TAMS 0x00000000a8a00000, 0x00000000a8a00000| Untracked 
| 139|0x00000000a8b00000, 0x00000000a8b00000, 0x00000000a8c00000|  0%| F|  |TAMS 0x00000000a8b00000, 0x00000000a8b00000| Untracked 
| 140|0x00000000a8c00000, 0x00000000a8c00000, 0x00000000a8d00000|  0%| F|  |TAMS 0x00000000a8c00000, 0x00000000a8c00000| Untracked 
| 141|0x00000000a8d00000, 0x00000000a8d00000, 0x00000000a8e00000|  0%| F|  |TAMS 0x00000000a8d00000, 0x00000000a8d00000| Untracked 
| 142|0x00000000a8e00000, 0x00000000a8e00000, 0x00000000a8f00000|  0%| F|  |TAMS 0x00000000a8e00000, 0x00000000a8e00000| Untracked 
| 143|0x00000000a8f00000, 0x00000000a8f00000, 0x00000000a9000000|  0%| F|  |TAMS 0x00000000a8f00000, 0x00000000a8f00000| Untracked 
| 144|0x00000000a9000000, 0x00000000a9100000, 0x00000000a9100000|100%| O|  |TAMS 0x00000000a9100000, 0x00000000a9000000| Untracked 
| 145|0x00000000a9100000, 0x00000000a9200000, 0x00000000a9200000|100%| O|  |TAMS 0x00000000a9200000, 0x00000000a9100000| Untracked 
| 146|0x00000000a9200000, 0x00000000a9300000, 0x00000000a9300000|100%| O|  |TAMS 0x00000000a9300000, 0x00000000a9200000| Untracked 
| 147|0x00000000a9300000, 0x00000000a9400000, 0x00000000a9400000|100%| O|  |TAMS 0x00000000a9400000, 0x00000000a9300000| Complete 
| 148|0x00000000a9400000, 0x00000000a9500000, 0x00000000a9500000|100%| O|  |TAMS 0x00000000a9500000, 0x00000000a9400000| Untracked 
| 149|0x00000000a9500000, 0x00000000a9600000, 0x00000000a9600000|100%| O|  |TAMS 0x00000000a9600000, 0x00000000a9500000| Complete 
| 150|0x00000000a9600000, 0x00000000a9700000, 0x00000000a9700000|100%| O|  |TAMS 0x00000000a9700000, 0x00000000a9600000| Complete 
| 151|0x00000000a9700000, 0x00000000a9800000, 0x00000000a9800000|100%| O|  |TAMS 0x00000000a9800000, 0x00000000a9700000| Complete 
| 152|0x00000000a9800000, 0x00000000a9800000, 0x00000000a9900000|  0%| F|  |TAMS 0x00000000a9800000, 0x00000000a9800000| Untracked 
| 153|0x00000000a9900000, 0x00000000a9a00000, 0x00000000a9a00000|100%| O|  |TAMS 0x00000000a9a00000, 0x00000000a9900000| Complete 
| 154|0x00000000a9a00000, 0x00000000a9a00000, 0x00000000a9b00000|  0%| F|  |TAMS 0x00000000a9a00000, 0x00000000a9a00000| Untracked 
| 155|0x00000000a9b00000, 0x00000000a9b00000, 0x00000000a9c00000|  0%| F|  |TAMS 0x00000000a9b00000, 0x00000000a9b00000| Untracked 
| 156|0x00000000a9c00000, 0x00000000a9d00000, 0x00000000a9d00000|100%| O|  |TAMS 0x00000000a9d00000, 0x00000000a9c00000| Complete 
| 157|0x00000000a9d00000, 0x00000000a9e00000, 0x00000000a9e00000|100%| O|  |TAMS 0x00000000a9e00000, 0x00000000a9d00000| Complete 
| 158|0x00000000a9e00000, 0x00000000a9f00000, 0x00000000a9f00000|100%| O|  |TAMS 0x00000000a9f00000, 0x00000000a9e00000| Untracked 
| 159|0x00000000a9f00000, 0x00000000a9f00000, 0x00000000aa000000|  0%| F|  |TAMS 0x00000000a9f00000, 0x00000000a9f00000| Untracked 
| 160|0x00000000aa000000, 0x00000000aa000000, 0x00000000aa100000|  0%| F|  |TAMS 0x00000000aa000000, 0x00000000aa000000| Untracked 
| 161|0x00000000aa100000, 0x00000000aa100000, 0x00000000aa200000|  0%| F|  |TAMS 0x00000000aa100000, 0x00000000aa100000| Untracked 
| 162|0x00000000aa200000, 0x00000000aa200000, 0x00000000aa300000|  0%| F|  |TAMS 0x00000000aa200000, 0x00000000aa200000| Untracked 
| 163|0x00000000aa300000, 0x00000000aa400000, 0x00000000aa400000|100%| O|  |TAMS 0x00000000aa400000, 0x00000000aa300000| Complete 
| 164|0x00000000aa400000, 0x00000000aa500000, 0x00000000aa500000|100%| O|  |TAMS 0x00000000aa500000, 0x00000000aa400000| Complete 
| 165|0x00000000aa500000, 0x00000000aa500000, 0x00000000aa600000|  0%| F|  |TAMS 0x00000000aa500000, 0x00000000aa500000| Untracked 
| 166|0x00000000aa600000, 0x00000000aa600000, 0x00000000aa700000|  0%| F|  |TAMS 0x00000000aa600000, 0x00000000aa600000| Untracked 
| 167|0x00000000aa700000, 0x00000000aa800000, 0x00000000aa800000|100%| O|  |TAMS 0x00000000aa800000, 0x00000000aa700000| Complete 
| 168|0x00000000aa800000, 0x00000000aa900000, 0x00000000aa900000|100%| O|  |TAMS 0x00000000aa900000, 0x00000000aa800000| Complete 
| 169|0x00000000aa900000, 0x00000000aaa00000, 0x00000000aaa00000|100%| O|  |TAMS 0x00000000aaa00000, 0x00000000aa900000| Complete 
| 170|0x00000000aaa00000, 0x00000000aaa00000, 0x00000000aab00000|  0%| F|  |TAMS 0x00000000aaa00000, 0x00000000aaa00000| Untracked 
| 171|0x00000000aab00000, 0x00000000aab00000, 0x00000000aac00000|  0%| F|  |TAMS 0x00000000aab00000, 0x00000000aab00000| Untracked 
| 172|0x00000000aac00000, 0x00000000aac00000, 0x00000000aad00000|  0%| F|  |TAMS 0x00000000aac00000, 0x00000000aac00000| Untracked 
| 173|0x00000000aad00000, 0x00000000aad00000, 0x00000000aae00000|  0%| F|  |TAMS 0x00000000aad00000, 0x00000000aad00000| Untracked 
| 174|0x00000000aae00000, 0x00000000aae00000, 0x00000000aaf00000|  0%| F|  |TAMS 0x00000000aae00000, 0x00000000aae00000| Untracked 
| 175|0x00000000aaf00000, 0x00000000aaf00000, 0x00000000ab000000|  0%| F|  |TAMS 0x00000000aaf00000, 0x00000000aaf00000| Untracked 
| 176|0x00000000ab000000, 0x00000000ab000000, 0x00000000ab100000|  0%| F|  |TAMS 0x00000000ab000000, 0x00000000ab000000| Untracked 
| 177|0x00000000ab100000, 0x00000000ab100000, 0x00000000ab200000|  0%| F|  |TAMS 0x00000000ab100000, 0x00000000ab100000| Untracked 
| 178|0x00000000ab200000, 0x00000000ab300000, 0x00000000ab300000|100%| O|  |TAMS 0x00000000ab300000, 0x00000000ab200000| Untracked 
| 179|0x00000000ab300000, 0x00000000ab400000, 0x00000000ab400000|100%| O|  |TAMS 0x00000000ab400000, 0x00000000ab300000| Complete 
| 180|0x00000000ab400000, 0x00000000ab500000, 0x00000000ab500000|100%| O|  |TAMS 0x00000000ab500000, 0x00000000ab400000| Complete 
| 181|0x00000000ab500000, 0x00000000ab600000, 0x00000000ab600000|100%| O|  |TAMS 0x00000000ab600000, 0x00000000ab500000| Untracked 
| 182|0x00000000ab600000, 0x00000000ab700000, 0x00000000ab700000|100%| O|  |TAMS 0x00000000ab700000, 0x00000000ab600000| Untracked 
| 183|0x00000000ab700000, 0x00000000ab800000, 0x00000000ab800000|100%| O|  |TAMS 0x00000000ab800000, 0x00000000ab700000| Untracked 
| 184|0x00000000ab800000, 0x00000000ab800000, 0x00000000ab900000|  0%| F|  |TAMS 0x00000000ab800000, 0x00000000ab800000| Untracked 
| 185|0x00000000ab900000, 0x00000000aba00000, 0x00000000aba00000|100%| O|  |TAMS 0x00000000aba00000, 0x00000000ab900000| Untracked 
| 186|0x00000000aba00000, 0x00000000abb00000, 0x00000000abb00000|100%| O|  |TAMS 0x00000000abb00000, 0x00000000aba00000| Complete 
| 187|0x00000000abb00000, 0x00000000abb00000, 0x00000000abc00000|  0%| F|  |TAMS 0x00000000abb00000, 0x00000000abb00000| Untracked 
| 188|0x00000000abc00000, 0x00000000abd00000, 0x00000000abd00000|100%| O|  |TAMS 0x00000000abd00000, 0x00000000abc00000| Untracked 
| 189|0x00000000abd00000, 0x00000000abd00000, 0x00000000abe00000|  0%| F|  |TAMS 0x00000000abd00000, 0x00000000abd00000| Untracked 
| 190|0x00000000abe00000, 0x00000000abf00000, 0x00000000abf00000|100%| O|  |TAMS 0x00000000abf00000, 0x00000000abe00000| Complete 
| 191|0x00000000abf00000, 0x00000000abf00000, 0x00000000ac000000|  0%| F|  |TAMS 0x00000000abf00000, 0x00000000abf00000| Untracked 
| 192|0x00000000ac000000, 0x00000000ac000000, 0x00000000ac100000|  0%| F|  |TAMS 0x00000000ac000000, 0x00000000ac000000| Untracked 
| 193|0x00000000ac100000, 0x00000000ac100000, 0x00000000ac200000|  0%| F|  |TAMS 0x00000000ac100000, 0x00000000ac100000| Untracked 
| 194|0x00000000ac200000, 0x00000000ac300000, 0x00000000ac300000|100%| O|  |TAMS 0x00000000ac300000, 0x00000000ac200000| Complete 
| 195|0x00000000ac300000, 0x00000000ac300000, 0x00000000ac400000|  0%| F|  |TAMS 0x00000000ac300000, 0x00000000ac300000| Untracked 
| 196|0x00000000ac400000, 0x00000000ac400000, 0x00000000ac500000|  0%| F|  |TAMS 0x00000000ac400000, 0x00000000ac400000| Untracked 
| 197|0x00000000ac500000, 0x00000000ac500000, 0x00000000ac600000|  0%| F|  |TAMS 0x00000000ac500000, 0x00000000ac500000| Untracked 
| 198|0x00000000ac600000, 0x00000000ac600000, 0x00000000ac700000|  0%| F|  |TAMS 0x00000000ac600000, 0x00000000ac600000| Untracked 
| 199|0x00000000ac700000, 0x00000000ac700000, 0x00000000ac800000|  0%| F|  |TAMS 0x00000000ac700000, 0x00000000ac700000| Untracked 
| 200|0x00000000ac800000, 0x00000000ac800000, 0x00000000ac900000|  0%| F|  |TAMS 0x00000000ac800000, 0x00000000ac800000| Untracked 
| 201|0x00000000ac900000, 0x00000000ac900000, 0x00000000aca00000|  0%| F|  |TAMS 0x00000000ac900000, 0x00000000ac900000| Untracked 
| 202|0x00000000aca00000, 0x00000000aca00000, 0x00000000acb00000|  0%| F|  |TAMS 0x00000000aca00000, 0x00000000aca00000| Untracked 
| 203|0x00000000acb00000, 0x00000000acb00000, 0x00000000acc00000|  0%| F|  |TAMS 0x00000000acb00000, 0x00000000acb00000| Untracked 
| 204|0x00000000acc00000, 0x00000000acc00000, 0x00000000acd00000|  0%| F|  |TAMS 0x00000000acc00000, 0x00000000acc00000| Untracked 
| 205|0x00000000acd00000, 0x00000000acd00000, 0x00000000ace00000|  0%| F|  |TAMS 0x00000000acd00000, 0x00000000acd00000| Untracked 
| 206|0x00000000ace00000, 0x00000000ace00000, 0x00000000acf00000|  0%| F|  |TAMS 0x00000000ace00000, 0x00000000ace00000| Untracked 
| 207|0x00000000acf00000, 0x00000000ad000000, 0x00000000ad000000|100%| O|  |TAMS 0x00000000ad000000, 0x00000000acf00000| Complete 
| 208|0x00000000ad000000, 0x00000000ad100000, 0x00000000ad100000|100%| O|  |TAMS 0x00000000ad100000, 0x00000000ad000000| Complete 
| 209|0x00000000ad100000, 0x00000000ad200000, 0x00000000ad200000|100%| O|  |TAMS 0x00000000ad200000, 0x00000000ad100000| Complete 
| 210|0x00000000ad200000, 0x00000000ad200000, 0x00000000ad300000|  0%| F|  |TAMS 0x00000000ad200000, 0x00000000ad200000| Untracked 
| 211|0x00000000ad300000, 0x00000000ad400000, 0x00000000ad400000|100%| O|  |TAMS 0x00000000ad400000, 0x00000000ad300000| Complete 
| 212|0x00000000ad400000, 0x00000000ad400000, 0x00000000ad500000|  0%| F|  |TAMS 0x00000000ad400000, 0x00000000ad400000| Untracked 
| 213|0x00000000ad500000, 0x00000000ad600000, 0x00000000ad600000|100%| O|  |TAMS 0x00000000ad600000, 0x00000000ad500000| Complete 
| 214|0x00000000ad600000, 0x00000000ad600000, 0x00000000ad700000|  0%| F|  |TAMS 0x00000000ad600000, 0x00000000ad600000| Untracked 
| 215|0x00000000ad700000, 0x00000000ad700000, 0x00000000ad800000|  0%| F|  |TAMS 0x00000000ad700000, 0x00000000ad700000| Untracked 
| 216|0x00000000ad800000, 0x00000000ad900000, 0x00000000ad900000|100%| O|  |TAMS 0x00000000ad900000, 0x00000000ad800000| Complete 
| 217|0x00000000ad900000, 0x00000000ada00000, 0x00000000ada00000|100%| O|  |TAMS 0x00000000ada00000, 0x00000000ad900000| Complete 
| 218|0x00000000ada00000, 0x00000000adb00000, 0x00000000adb00000|100%| O|  |TAMS 0x00000000adb00000, 0x00000000ada00000| Complete 
| 219|0x00000000adb00000, 0x00000000adc00000, 0x00000000adc00000|100%|HS|  |TAMS 0x00000000adb00000, 0x00000000adb00000| Complete 
| 220|0x00000000adc00000, 0x00000000add00000, 0x00000000add00000|100%|HC|  |TAMS 0x00000000adc00000, 0x00000000adc00000| Complete 
| 221|0x00000000add00000, 0x00000000ade00000, 0x00000000ade00000|100%|HC|  |TAMS 0x00000000add00000, 0x00000000add00000| Complete 
| 222|0x00000000ade00000, 0x00000000adf00000, 0x00000000adf00000|100%|HC|  |TAMS 0x00000000ade00000, 0x00000000ade00000| Complete 
| 223|0x00000000adf00000, 0x00000000ae000000, 0x00000000ae000000|100%|HC|  |TAMS 0x00000000adf00000, 0x00000000adf00000| Complete 
| 224|0x00000000ae000000, 0x00000000ae100000, 0x00000000ae100000|100%|HC|  |TAMS 0x00000000ae000000, 0x00000000ae000000| Complete 
| 225|0x00000000ae100000, 0x00000000ae200000, 0x00000000ae200000|100%|HC|  |TAMS 0x00000000ae100000, 0x00000000ae100000| Complete 
| 226|0x00000000ae200000, 0x00000000ae300000, 0x00000000ae300000|100%|HC|  |TAMS 0x00000000ae200000, 0x00000000ae200000| Complete 
| 227|0x00000000ae300000, 0x00000000ae400000, 0x00000000ae400000|100%|HC|  |TAMS 0x00000000ae300000, 0x00000000ae300000| Complete 
| 228|0x00000000ae400000, 0x00000000ae500000, 0x00000000ae500000|100%|HC|  |TAMS 0x00000000ae400000, 0x00000000ae400000| Complete 
| 229|0x00000000ae500000, 0x00000000ae600000, 0x00000000ae600000|100%|HC|  |TAMS 0x00000000ae500000, 0x00000000ae500000| Complete 
| 230|0x00000000ae600000, 0x00000000ae700000, 0x00000000ae700000|100%|HC|  |TAMS 0x00000000ae600000, 0x00000000ae600000| Complete 
| 231|0x00000000ae700000, 0x00000000ae800000, 0x00000000ae800000|100%|HC|  |TAMS 0x00000000ae700000, 0x00000000ae700000| Complete 
| 232|0x00000000ae800000, 0x00000000ae800000, 0x00000000ae900000|  0%| F|  |TAMS 0x00000000ae800000, 0x00000000ae800000| Untracked 
| 233|0x00000000ae900000, 0x00000000ae900000, 0x00000000aea00000|  0%| F|  |TAMS 0x00000000ae900000, 0x00000000ae900000| Untracked 
| 234|0x00000000aea00000, 0x00000000aea00000, 0x00000000aeb00000|  0%| F|  |TAMS 0x00000000aea00000, 0x00000000aea00000| Untracked 
| 235|0x00000000aeb00000, 0x00000000aeb00000, 0x00000000aec00000|  0%| F|  |TAMS 0x00000000aeb00000, 0x00000000aeb00000| Untracked 
| 236|0x00000000aec00000, 0x00000000aec00000, 0x00000000aed00000|  0%| F|  |TAMS 0x00000000aec00000, 0x00000000aec00000| Untracked 
| 237|0x00000000aed00000, 0x00000000aed00000, 0x00000000aee00000|  0%| F|  |TAMS 0x00000000aed00000, 0x00000000aed00000| Untracked 
| 238|0x00000000aee00000, 0x00000000aee00000, 0x00000000aef00000|  0%| F|  |TAMS 0x00000000aee00000, 0x00000000aee00000| Untracked 
| 239|0x00000000aef00000, 0x00000000aef00000, 0x00000000af000000|  0%| F|  |TAMS 0x00000000aef00000, 0x00000000aef00000| Untracked 
| 240|0x00000000af000000, 0x00000000af000000, 0x00000000af100000|  0%| F|  |TAMS 0x00000000af000000, 0x00000000af000000| Untracked 
| 241|0x00000000af100000, 0x00000000af200000, 0x00000000af200000|100%| O|  |TAMS 0x00000000af200000, 0x00000000af100000| Complete 
| 242|0x00000000af200000, 0x00000000af300000, 0x00000000af300000|100%| O|  |TAMS 0x00000000af300000, 0x00000000af200000| Complete 
| 243|0x00000000af300000, 0x00000000af300000, 0x00000000af400000|  0%| F|  |TAMS 0x00000000af300000, 0x00000000af300000| Untracked 
| 244|0x00000000af400000, 0x00000000af500000, 0x00000000af500000|100%| O|  |TAMS 0x00000000af500000, 0x00000000af400000| Untracked 
| 245|0x00000000af500000, 0x00000000af600000, 0x00000000af600000|100%|HS|  |TAMS 0x00000000af500000, 0x00000000af500000| Complete 
| 246|0x00000000af600000, 0x00000000af700000, 0x00000000af700000|100%|HC|  |TAMS 0x00000000af600000, 0x00000000af600000| Complete 
| 247|0x00000000af700000, 0x00000000af800000, 0x00000000af800000|100%|HC|  |TAMS 0x00000000af700000, 0x00000000af700000| Complete 
| 248|0x00000000af800000, 0x00000000af900000, 0x00000000af900000|100%|HC|  |TAMS 0x00000000af800000, 0x00000000af800000| Complete 
| 249|0x00000000af900000, 0x00000000afa00000, 0x00000000afa00000|100%|HC|  |TAMS 0x00000000af900000, 0x00000000af900000| Complete 
| 250|0x00000000afa00000, 0x00000000afb00000, 0x00000000afb00000|100%|HC|  |TAMS 0x00000000afa00000, 0x00000000afa00000| Complete 
| 251|0x00000000afb00000, 0x00000000afc00000, 0x00000000afc00000|100%|HC|  |TAMS 0x00000000afb00000, 0x00000000afb00000| Complete 
| 252|0x00000000afc00000, 0x00000000afd00000, 0x00000000afd00000|100%|HC|  |TAMS 0x00000000afc00000, 0x00000000afc00000| Complete 
| 253|0x00000000afd00000, 0x00000000afe00000, 0x00000000afe00000|100%|HC|  |TAMS 0x00000000afd00000, 0x00000000afd00000| Complete 
| 254|0x00000000afe00000, 0x00000000aff00000, 0x00000000aff00000|100%|HC|  |TAMS 0x00000000afe00000, 0x00000000afe00000| Complete 
| 255|0x00000000aff00000, 0x00000000b0000000, 0x00000000b0000000|100%|HC|  |TAMS 0x00000000aff00000, 0x00000000aff00000| Complete 
| 256|0x00000000b0000000, 0x00000000b0100000, 0x00000000b0100000|100%|HC|  |TAMS 0x00000000b0000000, 0x00000000b0000000| Complete 
| 257|0x00000000b0100000, 0x00000000b0200000, 0x00000000b0200000|100%|HC|  |TAMS 0x00000000b0100000, 0x00000000b0100000| Complete 
| 258|0x00000000b0200000, 0x00000000b0300000, 0x00000000b0300000|100%|HS|  |TAMS 0x00000000b0200000, 0x00000000b0200000| Complete 
| 259|0x00000000b0300000, 0x00000000b0400000, 0x00000000b0400000|100%|HC|  |TAMS 0x00000000b0300000, 0x00000000b0300000| Complete 
| 260|0x00000000b0400000, 0x00000000b0500000, 0x00000000b0500000|100%|HC|  |TAMS 0x00000000b0400000, 0x00000000b0400000| Complete 
| 261|0x00000000b0500000, 0x00000000b0600000, 0x00000000b0600000|100%|HC|  |TAMS 0x00000000b0500000, 0x00000000b0500000| Complete 
| 262|0x00000000b0600000, 0x00000000b0700000, 0x00000000b0700000|100%|HC|  |TAMS 0x00000000b0600000, 0x00000000b0600000| Complete 
| 263|0x00000000b0700000, 0x00000000b0800000, 0x00000000b0800000|100%|HC|  |TAMS 0x00000000b0700000, 0x00000000b0700000| Complete 
| 264|0x00000000b0800000, 0x00000000b0900000, 0x00000000b0900000|100%|HC|  |TAMS 0x00000000b0800000, 0x00000000b0800000| Complete 
| 265|0x00000000b0900000, 0x00000000b0a00000, 0x00000000b0a00000|100%|HC|  |TAMS 0x00000000b0900000, 0x00000000b0900000| Complete 
| 266|0x00000000b0a00000, 0x00000000b0b00000, 0x00000000b0b00000|100%|HC|  |TAMS 0x00000000b0a00000, 0x00000000b0a00000| Complete 
| 267|0x00000000b0b00000, 0x00000000b0c00000, 0x00000000b0c00000|100%|HC|  |TAMS 0x00000000b0b00000, 0x00000000b0b00000| Complete 
| 268|0x00000000b0c00000, 0x00000000b0d00000, 0x00000000b0d00000|100%|HC|  |TAMS 0x00000000b0c00000, 0x00000000b0c00000| Complete 
| 269|0x00000000b0d00000, 0x00000000b0e00000, 0x00000000b0e00000|100%|HC|  |TAMS 0x00000000b0d00000, 0x00000000b0d00000| Complete 
| 270|0x00000000b0e00000, 0x00000000b0f00000, 0x00000000b0f00000|100%|HC|  |TAMS 0x00000000b0e00000, 0x00000000b0e00000| Complete 
| 271|0x00000000b0f00000, 0x00000000b1000000, 0x00000000b1000000|100%|HC|  |TAMS 0x00000000b0f00000, 0x00000000b0f00000| Complete 
| 272|0x00000000b1000000, 0x00000000b1100000, 0x00000000b1100000|100%|HC|  |TAMS 0x00000000b1000000, 0x00000000b1000000| Complete 
| 273|0x00000000b1100000, 0x00000000b1200000, 0x00000000b1200000|100%|HC|  |TAMS 0x00000000b1100000, 0x00000000b1100000| Complete 
| 274|0x00000000b1200000, 0x00000000b1300000, 0x00000000b1300000|100%|HC|  |TAMS 0x00000000b1200000, 0x00000000b1200000| Complete 
| 275|0x00000000b1300000, 0x00000000b1400000, 0x00000000b1400000|100%|HC|  |TAMS 0x00000000b1300000, 0x00000000b1300000| Complete 
| 276|0x00000000b1400000, 0x00000000b1500000, 0x00000000b1500000|100%|HC|  |TAMS 0x00000000b1400000, 0x00000000b1400000| Complete 
| 277|0x00000000b1500000, 0x00000000b1600000, 0x00000000b1600000|100%|HC|  |TAMS 0x00000000b1500000, 0x00000000b1500000| Complete 
| 278|0x00000000b1600000, 0x00000000b1700000, 0x00000000b1700000|100%|HC|  |TAMS 0x00000000b1600000, 0x00000000b1600000| Complete 
| 279|0x00000000b1700000, 0x00000000b1800000, 0x00000000b1800000|100%|HC|  |TAMS 0x00000000b1700000, 0x00000000b1700000| Complete 
| 280|0x00000000b1800000, 0x00000000b1900000, 0x00000000b1900000|100%|HC|  |TAMS 0x00000000b1800000, 0x00000000b1800000| Complete 
| 281|0x00000000b1900000, 0x00000000b1a00000, 0x00000000b1a00000|100%|HC|  |TAMS 0x00000000b1900000, 0x00000000b1900000| Complete 
| 282|0x00000000b1a00000, 0x00000000b1b00000, 0x00000000b1b00000|100%|HC|  |TAMS 0x00000000b1a00000, 0x00000000b1a00000| Complete 
| 283|0x00000000b1b00000, 0x00000000b1b00000, 0x00000000b1c00000|  0%| F|  |TAMS 0x00000000b1b00000, 0x00000000b1b00000| Untracked 
| 284|0x00000000b1c00000, 0x00000000b1c00000, 0x00000000b1d00000|  0%| F|  |TAMS 0x00000000b1c00000, 0x00000000b1c00000| Untracked 
| 285|0x00000000b1d00000, 0x00000000b1d00000, 0x00000000b1e00000|  0%| F|  |TAMS 0x00000000b1d00000, 0x00000000b1d00000| Untracked 
| 286|0x00000000b1e00000, 0x00000000b1e00000, 0x00000000b1f00000|  0%| F|  |TAMS 0x00000000b1e00000, 0x00000000b1e00000| Untracked 
| 287|0x00000000b1f00000, 0x00000000b1f00000, 0x00000000b2000000|  0%| F|  |TAMS 0x00000000b1f00000, 0x00000000b1f00000| Untracked 
| 288|0x00000000b2000000, 0x00000000b2100000, 0x00000000b2100000|100%| E|  |TAMS 0x00000000b2000000, 0x00000000b2000000| Complete 
| 289|0x00000000b2100000, 0x00000000b21ee8d0, 0x00000000b2200000| 93%| S|CS|TAMS 0x00000000b2100000, 0x00000000b2100000| Complete 
| 290|0x00000000b2200000, 0x00000000b2300000, 0x00000000b2300000|100%| S|CS|TAMS 0x00000000b2200000, 0x00000000b2200000| Complete 
| 291|0x00000000b2300000, 0x00000000b2400000, 0x00000000b2400000|100%| S|CS|TAMS 0x00000000b2300000, 0x00000000b2300000| Complete 
| 292|0x00000000b2400000, 0x00000000b2500000, 0x00000000b2500000|100%|HS|  |TAMS 0x00000000b2400000, 0x00000000b2400000| Complete 
| 293|0x00000000b2500000, 0x00000000b2600000, 0x00000000b2600000|100%|HC|  |TAMS 0x00000000b2500000, 0x00000000b2500000| Complete 
| 294|0x00000000b2600000, 0x00000000b2700000, 0x00000000b2700000|100%|HC|  |TAMS 0x00000000b2600000, 0x00000000b2600000| Complete 
| 295|0x00000000b2700000, 0x00000000b2800000, 0x00000000b2800000|100%|HC|  |TAMS 0x00000000b2700000, 0x00000000b2700000| Complete 
| 296|0x00000000b2800000, 0x00000000b2900000, 0x00000000b2900000|100%|HC|  |TAMS 0x00000000b2800000, 0x00000000b2800000| Complete 
| 297|0x00000000b2900000, 0x00000000b2a00000, 0x00000000b2a00000|100%|HC|  |TAMS 0x00000000b2900000, 0x00000000b2900000| Complete 
| 298|0x00000000b2a00000, 0x00000000b2b00000, 0x00000000b2b00000|100%|HC|  |TAMS 0x00000000b2a00000, 0x00000000b2a00000| Complete 
| 299|0x00000000b2b00000, 0x00000000b2c00000, 0x00000000b2c00000|100%|HC|  |TAMS 0x00000000b2b00000, 0x00000000b2b00000| Complete 
| 300|0x00000000b2c00000, 0x00000000b2d00000, 0x00000000b2d00000|100%|HC|  |TAMS 0x00000000b2c00000, 0x00000000b2c00000| Complete 
| 301|0x00000000b2d00000, 0x00000000b2e00000, 0x00000000b2e00000|100%|HC|  |TAMS 0x00000000b2d00000, 0x00000000b2d00000| Complete 
| 302|0x00000000b2e00000, 0x00000000b2f00000, 0x00000000b2f00000|100%|HC|  |TAMS 0x00000000b2e00000, 0x00000000b2e00000| Complete 
| 303|0x00000000b2f00000, 0x00000000b3000000, 0x00000000b3000000|100%|HC|  |TAMS 0x00000000b2f00000, 0x00000000b2f00000| Complete 
| 304|0x00000000b3000000, 0x00000000b3100000, 0x00000000b3100000|100%|HC|  |TAMS 0x00000000b3000000, 0x00000000b3000000| Complete 
| 305|0x00000000b3100000, 0x00000000b3200000, 0x00000000b3200000|100%|HC|  |TAMS 0x00000000b3100000, 0x00000000b3100000| Complete 
| 306|0x00000000b3200000, 0x00000000b3300000, 0x00000000b3300000|100%|HC|  |TAMS 0x00000000b3200000, 0x00000000b3200000| Complete 
| 307|0x00000000b3300000, 0x00000000b3400000, 0x00000000b3400000|100%|HC|  |TAMS 0x00000000b3300000, 0x00000000b3300000| Complete 
| 308|0x00000000b3400000, 0x00000000b3500000, 0x00000000b3500000|100%|HC|  |TAMS 0x00000000b3400000, 0x00000000b3400000| Complete 
| 309|0x00000000b3500000, 0x00000000b3600000, 0x00000000b3600000|100%|HC|  |TAMS 0x00000000b3500000, 0x00000000b3500000| Complete 
| 310|0x00000000b3600000, 0x00000000b3700000, 0x00000000b3700000|100%|HC|  |TAMS 0x00000000b3600000, 0x00000000b3600000| Complete 
| 311|0x00000000b3700000, 0x00000000b3800000, 0x00000000b3800000|100%|HC|  |TAMS 0x00000000b3700000, 0x00000000b3700000| Complete 
| 312|0x00000000b3800000, 0x00000000b3900000, 0x00000000b3900000|100%|HC|  |TAMS 0x00000000b3800000, 0x00000000b3800000| Complete 
| 313|0x00000000b3900000, 0x00000000b3a00000, 0x00000000b3a00000|100%|HC|  |TAMS 0x00000000b3900000, 0x00000000b3900000| Complete 
| 314|0x00000000b3a00000, 0x00000000b3b00000, 0x00000000b3b00000|100%|HC|  |TAMS 0x00000000b3a00000, 0x00000000b3a00000| Complete 
| 315|0x00000000b3b00000, 0x00000000b3c00000, 0x00000000b3c00000|100%|HC|  |TAMS 0x00000000b3b00000, 0x00000000b3b00000| Complete 
| 316|0x00000000b3c00000, 0x00000000b3d00000, 0x00000000b3d00000|100%|HC|  |TAMS 0x00000000b3c00000, 0x00000000b3c00000| Complete 
| 317|0x00000000b3d00000, 0x00000000b3e00000, 0x00000000b3e00000|100%|HC|  |TAMS 0x00000000b3d00000, 0x00000000b3d00000| Complete 
| 318|0x00000000b3e00000, 0x00000000b3f00000, 0x00000000b3f00000|100%|HC|  |TAMS 0x00000000b3e00000, 0x00000000b3e00000| Complete 
| 319|0x00000000b3f00000, 0x00000000b4000000, 0x00000000b4000000|100%|HC|  |TAMS 0x00000000b3f00000, 0x00000000b3f00000| Complete 
| 320|0x00000000b4000000, 0x00000000b4100000, 0x00000000b4100000|100%|HC|  |TAMS 0x00000000b4000000, 0x00000000b4000000| Complete 
| 321|0x00000000b4100000, 0x00000000b4200000, 0x00000000b4200000|100%|HC|  |TAMS 0x00000000b4100000, 0x00000000b4100000| Complete 
| 322|0x00000000b4200000, 0x00000000b4300000, 0x00000000b4300000|100%|HC|  |TAMS 0x00000000b4200000, 0x00000000b4200000| Complete 
| 323|0x00000000b4300000, 0x00000000b4400000, 0x00000000b4400000|100%|HC|  |TAMS 0x00000000b4300000, 0x00000000b4300000| Complete 
| 324|0x00000000b4400000, 0x00000000b4500000, 0x00000000b4500000|100%|HC|  |TAMS 0x00000000b4400000, 0x00000000b4400000| Complete 
| 325|0x00000000b4500000, 0x00000000b4600000, 0x00000000b4600000|100%|HC|  |TAMS 0x00000000b4500000, 0x00000000b4500000| Complete 
| 326|0x00000000b4600000, 0x00000000b4700000, 0x00000000b4700000|100%|HC|  |TAMS 0x00000000b4600000, 0x00000000b4600000| Complete 
| 327|0x00000000b4700000, 0x00000000b4800000, 0x00000000b4800000|100%|HC|  |TAMS 0x00000000b4700000, 0x00000000b4700000| Complete 
| 328|0x00000000b4800000, 0x00000000b4900000, 0x00000000b4900000|100%|HC|  |TAMS 0x00000000b4800000, 0x00000000b4800000| Complete 
| 329|0x00000000b4900000, 0x00000000b4a00000, 0x00000000b4a00000|100%|HC|  |TAMS 0x00000000b4900000, 0x00000000b4900000| Complete 
| 330|0x00000000b4a00000, 0x00000000b4b00000, 0x00000000b4b00000|100%|HC|  |TAMS 0x00000000b4a00000, 0x00000000b4a00000| Complete 
| 331|0x00000000b4b00000, 0x00000000b4c00000, 0x00000000b4c00000|100%|HC|  |TAMS 0x00000000b4b00000, 0x00000000b4b00000| Complete 
| 332|0x00000000b4c00000, 0x00000000b4d00000, 0x00000000b4d00000|100%|HC|  |TAMS 0x00000000b4c00000, 0x00000000b4c00000| Complete 
| 333|0x00000000b4d00000, 0x00000000b4e00000, 0x00000000b4e00000|100%|HC|  |TAMS 0x00000000b4d00000, 0x00000000b4d00000| Complete 
| 334|0x00000000b4e00000, 0x00000000b4f00000, 0x00000000b4f00000|100%|HC|  |TAMS 0x00000000b4e00000, 0x00000000b4e00000| Complete 
| 335|0x00000000b4f00000, 0x00000000b5000000, 0x00000000b5000000|100%|HC|  |TAMS 0x00000000b4f00000, 0x00000000b4f00000| Complete 
| 336|0x00000000b5000000, 0x00000000b5100000, 0x00000000b5100000|100%|HC|  |TAMS 0x00000000b5000000, 0x00000000b5000000| Complete 
| 337|0x00000000b5100000, 0x00000000b5200000, 0x00000000b5200000|100%|HC|  |TAMS 0x00000000b5100000, 0x00000000b5100000| Complete 
| 338|0x00000000b5200000, 0x00000000b5300000, 0x00000000b5300000|100%|HC|  |TAMS 0x00000000b5200000, 0x00000000b5200000| Complete 
| 339|0x00000000b5300000, 0x00000000b5400000, 0x00000000b5400000|100%|HC|  |TAMS 0x00000000b5300000, 0x00000000b5300000| Complete 
| 340|0x00000000b5400000, 0x00000000b5500000, 0x00000000b5500000|100%|HC|  |TAMS 0x00000000b5400000, 0x00000000b5400000| Complete 
| 341|0x00000000b5500000, 0x00000000b5600000, 0x00000000b5600000|100%| E|CS|TAMS 0x00000000b5500000, 0x00000000b5500000| Complete 
| 342|0x00000000b5600000, 0x00000000b5700000, 0x00000000b5700000|100%|HS|  |TAMS 0x00000000b5600000, 0x00000000b5600000| Complete 
| 343|0x00000000b5700000, 0x00000000b5800000, 0x00000000b5800000|100%|HC|  |TAMS 0x00000000b5700000, 0x00000000b5700000| Complete 
| 344|0x00000000b5800000, 0x00000000b5900000, 0x00000000b5900000|100%|HC|  |TAMS 0x00000000b5800000, 0x00000000b5800000| Complete 
| 345|0x00000000b5900000, 0x00000000b5a00000, 0x00000000b5a00000|100%|HC|  |TAMS 0x00000000b5900000, 0x00000000b5900000| Complete 
| 346|0x00000000b5a00000, 0x00000000b5b00000, 0x00000000b5b00000|100%|HC|  |TAMS 0x00000000b5a00000, 0x00000000b5a00000| Complete 
| 347|0x00000000b5b00000, 0x00000000b5c00000, 0x00000000b5c00000|100%|HC|  |TAMS 0x00000000b5b00000, 0x00000000b5b00000| Complete 
| 348|0x00000000b5c00000, 0x00000000b5d00000, 0x00000000b5d00000|100%|HC|  |TAMS 0x00000000b5c00000, 0x00000000b5c00000| Complete 
| 349|0x00000000b5d00000, 0x00000000b5e00000, 0x00000000b5e00000|100%|HC|  |TAMS 0x00000000b5d00000, 0x00000000b5d00000| Complete 
| 350|0x00000000b5e00000, 0x00000000b5f00000, 0x00000000b5f00000|100%|HC|  |TAMS 0x00000000b5e00000, 0x00000000b5e00000| Complete 
| 351|0x00000000b5f00000, 0x00000000b6000000, 0x00000000b6000000|100%|HC|  |TAMS 0x00000000b5f00000, 0x00000000b5f00000| Complete 
| 352|0x00000000b6000000, 0x00000000b6100000, 0x00000000b6100000|100%|HC|  |TAMS 0x00000000b6000000, 0x00000000b6000000| Complete 
| 353|0x00000000b6100000, 0x00000000b6200000, 0x00000000b6200000|100%|HC|  |TAMS 0x00000000b6100000, 0x00000000b6100000| Complete 
| 354|0x00000000b6200000, 0x00000000b6300000, 0x00000000b6300000|100%|HC|  |TAMS 0x00000000b6200000, 0x00000000b6200000| Complete 
| 355|0x00000000b6300000, 0x00000000b6400000, 0x00000000b6400000|100%|HC|  |TAMS 0x00000000b6300000, 0x00000000b6300000| Complete 
| 356|0x00000000b6400000, 0x00000000b6500000, 0x00000000b6500000|100%|HC|  |TAMS 0x00000000b6400000, 0x00000000b6400000| Complete 
| 357|0x00000000b6500000, 0x00000000b6600000, 0x00000000b6600000|100%|HC|  |TAMS 0x00000000b6500000, 0x00000000b6500000| Complete 
| 358|0x00000000b6600000, 0x00000000b6700000, 0x00000000b6700000|100%|HC|  |TAMS 0x00000000b6600000, 0x00000000b6600000| Complete 
| 359|0x00000000b6700000, 0x00000000b6800000, 0x00000000b6800000|100%|HC|  |TAMS 0x00000000b6700000, 0x00000000b6700000| Complete 
| 360|0x00000000b6800000, 0x00000000b6900000, 0x00000000b6900000|100%|HC|  |TAMS 0x00000000b6800000, 0x00000000b6800000| Complete 
| 361|0x00000000b6900000, 0x00000000b6a00000, 0x00000000b6a00000|100%|HC|  |TAMS 0x00000000b6900000, 0x00000000b6900000| Complete 
| 362|0x00000000b6a00000, 0x00000000b6b00000, 0x00000000b6b00000|100%|HC|  |TAMS 0x00000000b6a00000, 0x00000000b6a00000| Complete 
| 363|0x00000000b6b00000, 0x00000000b6c00000, 0x00000000b6c00000|100%|HC|  |TAMS 0x00000000b6b00000, 0x00000000b6b00000| Complete 
| 364|0x00000000b6c00000, 0x00000000b6d00000, 0x00000000b6d00000|100%|HC|  |TAMS 0x00000000b6c00000, 0x00000000b6c00000| Complete 
| 365|0x00000000b6d00000, 0x00000000b6e00000, 0x00000000b6e00000|100%|HC|  |TAMS 0x00000000b6d00000, 0x00000000b6d00000| Complete 
| 366|0x00000000b6e00000, 0x00000000b6f00000, 0x00000000b6f00000|100%|HC|  |TAMS 0x00000000b6e00000, 0x00000000b6e00000| Complete 
| 367|0x00000000b6f00000, 0x00000000b7000000, 0x00000000b7000000|100%|HC|  |TAMS 0x00000000b6f00000, 0x00000000b6f00000| Complete 
| 368|0x00000000b7000000, 0x00000000b7100000, 0x00000000b7100000|100%|HC|  |TAMS 0x00000000b7000000, 0x00000000b7000000| Complete 
| 369|0x00000000b7100000, 0x00000000b7200000, 0x00000000b7200000|100%|HC|  |TAMS 0x00000000b7100000, 0x00000000b7100000| Complete 
| 370|0x00000000b7200000, 0x00000000b7300000, 0x00000000b7300000|100%|HC|  |TAMS 0x00000000b7200000, 0x00000000b7200000| Complete 
| 371|0x00000000b7300000, 0x00000000b7400000, 0x00000000b7400000|100%|HC|  |TAMS 0x00000000b7300000, 0x00000000b7300000| Complete 

Card table byte_map: [0x00000263b0ff0000,0x00000263b12f0000] _byte_map_base: 0x00000263b0af0000

Marking Bits (Prev, Next): (CMBitMap*) 0x000002639e236e08, (CMBitMap*) 0x000002639e236e40
 Prev Bits: [0x00000263b15f0000, 0x00000263b2df0000)
 Next Bits: [0x00000263b2df0000, 0x00000263b45f0000)

Polling page: 0x000002639c1e0000

Metaspace:

Usage:
  Non-class:    104.92 MB capacity,   102.78 MB ( 98%) used,     1.76 MB (  2%) free+waste,   384.25 KB ( <1%) overhead. 
      Class:     16.39 MB capacity,    15.08 MB ( 92%) used,     1.15 MB (  7%) free+waste,   174.31 KB (  1%) overhead. 
       Both:    121.31 MB capacity,   117.86 MB ( 97%) used,     2.90 MB (  2%) free+waste,   558.56 KB ( <1%) overhead. 

Virtual space:
  Non-class space:      106.00 MB reserved,     105.00 MB (>99%) committed 
      Class space:        1.00 GB reserved,      16.50 MB (  2%) committed 
             Both:        1.10 GB reserved,     121.50 MB ( 11%) committed 

Chunk freelists:
   Non-Class:  22.00 KB
       Class:  15.00 KB
        Both:  37.00 KB

MaxMetaspaceSize: 17179869184.00 GB
CompressedClassSpaceSize: 1.00 GB

CodeHeap 'non-profiled nmethods': size=120064Kb used=14838Kb max_used=15094Kb free=105225Kb
 bounds [0x00000263a97b0000, 0x00000263aa680000, 0x00000263b0cf0000]
CodeHeap 'profiled nmethods': size=120000Kb used=41350Kb max_used=44064Kb free=78650Kb
 bounds [0x00000263a2280000, 0x00000263a4e80000, 0x00000263a97b0000]
CodeHeap 'non-nmethods': size=5696Kb used=2367Kb max_used=2419Kb free=3328Kb
 bounds [0x00000263a1cf0000, 0x00000263a1f60000, 0x00000263a2280000]
 total_blobs=18103 nmethods=17105 adapters=906
 compilation: enabled
              stopped_count=0, restarted_count=0
 full_count=0

Compilation events (20 events):
Event: 113.253 Thread 0x00000263b6af4800 20509   !   4       java.lang.StringCoding::decode (300 bytes)
Event: 113.253 Thread 0x00000263b6af5800 nmethod 20517 0x00000263a2abe910 code [0x00000263a2abeb40, 0x00000263a2abf0c8]
Event: 113.253 Thread 0x00000263b6af5800 20518   !   3       java.security.Provider::getService (128 bytes)
Event: 113.254 Thread 0x00000263b6af5800 nmethod 20518 0x00000263a2b0e510 code [0x00000263a2b0e780, 0x00000263a2b0f4a8]
Event: 113.254 Thread 0x00000263b6af5800 20519       3       java.security.Provider$ServiceKey::matches (22 bytes)
Event: 113.254 Thread 0x00000263b6af5800 nmethod 20519 0x00000263a25e8510 code [0x00000263a25e86c0, 0x00000263a25e8858]
Event: 113.255 Thread 0x00000263b6af5800 20521       1       sun.nio.ch.FileDispatcherImpl::needsPositionLock (2 bytes)
Event: 113.255 Thread 0x00000263b6af5800 nmethod 20521 0x00000263a9cd7c10 code [0x00000263a9cd7dc0, 0x00000263a9cd7e78]
Event: 113.255 Thread 0x00000263b6af5800 20522       1       com.android.zipflinger.Entry::getLocation (5 bytes)
Event: 113.255 Thread 0x00000263b6af5800 nmethod 20522 0x00000263a9cd7810 code [0x00000263a9cd79c0, 0x00000263a9cd7a78]
Event: 113.255 Thread 0x00000263b6af5800 20523       3       com.android.zipflinger.Ints::ushortToInt (5 bytes)
Event: 113.255 Thread 0x00000263b6af5800 nmethod 20523 0x00000263a2314290 code [0x00000263a2314440, 0x00000263a2314518]
Event: 113.255 Thread 0x00000263b6af5800 20524       1       com.android.zipflinger.Entry::setLocation (6 bytes)
Event: 113.255 Thread 0x00000263b6af5800 nmethod 20524 0x00000263a9d02390 code [0x00000263a9d02540, 0x00000263a9d02638]
Event: 113.256 Thread 0x00000263b6af5800 20525       3       com.android.zipflinger.Ints::uintToLong (7 bytes)
Event: 113.256 Thread 0x00000263b6af5800 nmethod 20525 0x00000263a25bb310 code [0x00000263a25bb4c0, 0x00000263a25bb5b8]
Event: 113.259 Thread 0x00000263b6af5800 20526       3       com.android.zipflinger.ZipWriter::write (13 bytes)
Event: 113.259 Thread 0x00000263b6af5800 nmethod 20526 0x00000263a261ca90 code [0x00000263a261cc60, 0x00000263a261ce58]
Event: 113.260 Thread 0x00000263b6af5800 20527       2       java.nio.ByteBuffer::<init> (12 bytes)
Event: 113.260 Thread 0x00000263b6af5800 nmethod 20527 0x00000263a2647e90 code [0x00000263a2648040, 0x00000263a2648168]

GC Heap History (20 events):
Event: 99.089 GC heap before
{Heap before GC invocations=82 (full 0):
 garbage-first heap   total 350208K, used 301006K [0x00000000a0000000, 0x0000000100000000)
  region size 1024K, 114 young (116736K), 9 survivors (9216K)
 Metaspace       used 117933K, capacity 121405K, committed 121728K, reserved 1155072K
  class space    used 15117K, capacity 16412K, committed 16512K, reserved 1048576K
}
Event: 99.112 GC heap after
{Heap after GC invocations=83 (full 0):
 garbage-first heap   total 350208K, used 197165K [0x00000000a0000000, 0x0000000100000000)
  region size 1024K, 11 young (11264K), 11 survivors (11264K)
 Metaspace       used 117933K, capacity 121405K, committed 121728K, reserved 1155072K
  class space    used 15117K, capacity 16412K, committed 16512K, reserved 1048576K
}
Event: 100.107 GC heap before
{Heap before GC invocations=83 (full 0):
 garbage-first heap   total 350208K, used 302637K [0x00000000a0000000, 0x0000000100000000)
  region size 1024K, 114 young (116736K), 11 survivors (11264K)
 Metaspace       used 117942K, capacity 121406K, committed 121728K, reserved 1155072K
  class space    used 15117K, capacity 16412K, committed 16512K, reserved 1048576K
}
Event: 100.123 GC heap after
{Heap after GC invocations=84 (full 0):
 garbage-first heap   total 350208K, used 197945K [0x00000000a0000000, 0x0000000100000000)
  region size 1024K, 8 young (8192K), 8 survivors (8192K)
 Metaspace       used 117942K, capacity 121406K, committed 121728K, reserved 1155072K
  class space    used 15117K, capacity 16412K, committed 16512K, reserved 1048576K
}
Event: 100.723 GC heap before
{Heap before GC invocations=84 (full 0):
 garbage-first heap   total 350208K, used 303417K [0x00000000a0000000, 0x0000000100000000)
  region size 1024K, 111 young (113664K), 8 survivors (8192K)
 Metaspace       used 117947K, capacity 121407K, committed 121728K, reserved 1155072K
  class space    used 15117K, capacity 16412K, committed 16512K, reserved 1048576K
}
Event: 100.734 GC heap after
{Heap after GC invocations=85 (full 0):
 garbage-first heap   total 350208K, used 198019K [0x00000000a0000000, 0x0000000100000000)
  region size 1024K, 8 young (8192K), 8 survivors (8192K)
 Metaspace       used 117947K, capacity 121407K, committed 121728K, reserved 1155072K
  class space    used 15117K, capacity 16412K, committed 16512K, reserved 1048576K
}
Event: 101.463 GC heap before
{Heap before GC invocations=85 (full 0):
 garbage-first heap   total 350208K, used 305539K [0x00000000a0000000, 0x0000000100000000)
  region size 1024K, 113 young (115712K), 8 survivors (8192K)
 Metaspace       used 117949K, capacity 121407K, committed 121728K, reserved 1155072K
  class space    used 15117K, capacity 16412K, committed 16512K, reserved 1048576K
}
Event: 101.482 GC heap after
{Heap after GC invocations=86 (full 0):
 garbage-first heap   total 350208K, used 199427K [0x00000000a0000000, 0x0000000100000000)
  region size 1024K, 10 young (10240K), 10 survivors (10240K)
 Metaspace       used 117949K, capacity 121407K, committed 121728K, reserved 1155072K
  class space    used 15117K, capacity 16412K, committed 16512K, reserved 1048576K
}
Event: 102.205 GC heap before
{Heap before GC invocations=86 (full 0):
 garbage-first heap   total 350208K, used 250627K [0x00000000a0000000, 0x0000000100000000)
  region size 1024K, 53 young (54272K), 10 survivors (10240K)
 Metaspace       used 118212K, capacity 121650K, committed 121728K, reserved 1155072K
  class space    used 15145K, capacity 16448K, committed 16512K, reserved 1048576K
}
Event: 102.220 GC heap after
{Heap after GC invocations=87 (full 0):
 garbage-first heap   total 350208K, used 201001K [0x00000000a0000000, 0x0000000100000000)
  region size 1024K, 7 young (7168K), 7 survivors (7168K)
 Metaspace       used 118212K, capacity 121650K, committed 121728K, reserved 1155072K
  class space    used 15145K, capacity 16448K, committed 16512K, reserved 1048576K
}
Event: 105.387 GC heap before
{Heap before GC invocations=88 (full 0):
 garbage-first heap   total 350208K, used 301353K [0x00000000a0000000, 0x0000000100000000)
  region size 1024K, 105 young (107520K), 7 survivors (7168K)
 Metaspace       used 118827K, capacity 122256K, committed 122496K, reserved 1155072K
  class space    used 15196K, capacity 16501K, committed 16512K, reserved 1048576K
}
Event: 105.441 GC heap after
{Heap after GC invocations=89 (full 0):
 garbage-first heap   total 350208K, used 220928K [0x00000000a0000000, 0x0000000100000000)
  region size 1024K, 14 young (14336K), 14 survivors (14336K)
 Metaspace       used 118827K, capacity 122256K, committed 122496K, reserved 1155072K
  class space    used 15196K, capacity 16501K, committed 16512K, reserved 1048576K
}
Event: 105.497 GC heap before
{Heap before GC invocations=89 (full 0):
 garbage-first heap   total 350208K, used 224000K [0x00000000a0000000, 0x0000000100000000)
  region size 1024K, 17 young (17408K), 14 survivors (14336K)
 Metaspace       used 118833K, capacity 122258K, committed 122496K, reserved 1155072K
  class space    used 15196K, capacity 16501K, committed 16512K, reserved 1048576K
}
Event: 105.535 GC heap after
{Heap after GC invocations=90 (full 0):
 garbage-first heap   total 350208K, used 190720K [0x00000000a0000000, 0x0000000100000000)
  region size 1024K, 3 young (3072K), 3 survivors (3072K)
 Metaspace       used 118833K, capacity 122258K, committed 122496K, reserved 1155072K
  class space    used 15196K, capacity 16501K, committed 16512K, reserved 1048576K
}
Event: 105.567 GC heap before
{Heap before GC invocations=90 (full 0):
 garbage-first heap   total 350208K, used 204032K [0x00000000a0000000, 0x0000000100000000)
  region size 1024K, 17 young (17408K), 3 survivors (3072K)
 Metaspace       used 118833K, capacity 122258K, committed 122496K, reserved 1155072K
  class space    used 15196K, capacity 16501K, committed 16512K, reserved 1048576K
}
Event: 105.581 GC heap after
{Heap after GC invocations=91 (full 0):
 garbage-first heap   total 350208K, used 163328K [0x00000000a0000000, 0x0000000100000000)
  region size 1024K, 3 young (3072K), 3 survivors (3072K)
 Metaspace       used 118833K, capacity 122258K, committed 122496K, reserved 1155072K
  class space    used 15196K, capacity 16501K, committed 16512K, reserved 1048576K
}
Event: 108.525 GC heap before
{Heap before GC invocations=91 (full 0):
 garbage-first heap   total 350208K, used 299520K [0x00000000a0000000, 0x0000000100000000)
  region size 1024K, 110 young (112640K), 3 survivors (3072K)
 Metaspace       used 118863K, capacity 122324K, committed 122496K, reserved 1155072K
  class space    used 15197K, capacity 16501K, committed 16512K, reserved 1048576K
}
Event: 108.580 GC heap after
{Heap after GC invocations=92 (full 0):
 garbage-first heap   total 350208K, used 201152K [0x00000000a0000000, 0x0000000100000000)
  region size 1024K, 14 young (14336K), 14 survivors (14336K)
 Metaspace       used 118863K, capacity 122324K, committed 122496K, reserved 1155072K
  class space    used 15197K, capacity 16501K, committed 16512K, reserved 1048576K
}
Event: 112.447 GC heap before
{Heap before GC invocations=92 (full 0):
 garbage-first heap   total 350208K, used 285120K [0x00000000a0000000, 0x0000000100000000)
  region size 1024K, 64 young (65536K), 14 survivors (14336K)
 Metaspace       used 120642K, capacity 124192K, committed 124416K, reserved 1157120K
  class space    used 15428K, capacity 16777K, committed 16896K, reserved 1048576K
}
Event: 112.486 GC heap after
{Heap after GC invocations=93 (full 0):
 garbage-first heap   total 350208K, used 200634K [0x00000000a0000000, 0x0000000100000000)
  region size 1024K, 3 young (3072K), 3 survivors (3072K)
 Metaspace       used 120642K, capacity 124192K, committed 124416K, reserved 1157120K
  class space    used 15428K, capacity 16777K, committed 16896K, reserved 1048576K
}

Deoptimization events (20 events):
Event: 111.847 Thread 0x00000263c0e45000 DEOPT PACKING pc=0x00000263a9d9b0f4 sp=0x000000ad453fd7d0
Event: 111.847 Thread 0x00000263c0e45000 DEOPT UNPACKING pc=0x00000263a1d178af sp=0x000000ad453fd780 mode 2
Event: 111.929 Thread 0x00000263c0e45000 Uncommon trap: trap_request=0xffffff4d fr.pc=0x00000263a9d8686c relative=0x00000000000001ac
Event: 111.929 Thread 0x00000263c0e45000 Uncommon trap: reason=unstable_if action=reinterpret pc=0x00000263a9d8686c method=java.util.regex.Pattern$GroupTail.match(Ljava/util/regex/Matcher;ILjava/lang/CharSequence;)Z @ 13 c2
Event: 111.929 Thread 0x00000263c0e45000 DEOPT PACKING pc=0x00000263a9d8686c sp=0x000000ad453fda20
Event: 111.929 Thread 0x00000263c0e45000 DEOPT UNPACKING pc=0x00000263a1d178af sp=0x000000ad453fd9c8 mode 2
Event: 111.937 Thread 0x00000263c0e45000 Uncommon trap: trap_request=0xffffff4d fr.pc=0x00000263a9daa00c relative=0x00000000000003ac
Event: 111.937 Thread 0x00000263c0e45000 Uncommon trap: reason=unstable_if action=reinterpret pc=0x00000263a9daa00c method=com.android.builder.files.RelativeFile.equals(Ljava/lang/Object;)Z @ 25 c2
Event: 111.937 Thread 0x00000263c0e45000 DEOPT PACKING pc=0x00000263a9daa00c sp=0x000000ad453fdfd0
Event: 111.937 Thread 0x00000263c0e45000 DEOPT UNPACKING pc=0x00000263a1d178af sp=0x000000ad453fdf88 mode 2
Event: 112.917 Thread 0x00000263c0e45000 DEOPT PACKING pc=0x00000263a2ae9c43 sp=0x000000ad453fdd30
Event: 112.917 Thread 0x00000263c0e45000 DEOPT UNPACKING pc=0x00000263a1d176ce sp=0x000000ad453fd280 mode 0
Event: 112.999 Thread 0x00000263c0e45000 Uncommon trap: trap_request=0xffffff4d fr.pc=0x00000263a9dbe79c relative=0x000000000000127c
Event: 112.999 Thread 0x00000263c0e45000 Uncommon trap: reason=unstable_if action=reinterpret pc=0x00000263a9dbe79c method=java.util.zip.InflaterOutputStream.write([BII)V @ 69 c2
Event: 112.999 Thread 0x00000263c0e45000 DEOPT PACKING pc=0x00000263a9dbe79c sp=0x000000ad453fdd60
Event: 112.999 Thread 0x00000263c0e45000 DEOPT UNPACKING pc=0x00000263a1d178af sp=0x000000ad453fdd88 mode 2
Event: 113.196 Thread 0x00000263c0e45000 Uncommon trap: trap_request=0xffffff4d fr.pc=0x00000263a9b0c894 relative=0x0000000000000334
Event: 113.196 Thread 0x00000263c0e45000 Uncommon trap: reason=unstable_if action=reinterpret pc=0x00000263a9b0c894 method=sun.security.provider.SHA.implDigest([BI)V @ 21 c2
Event: 113.196 Thread 0x00000263c0e45000 DEOPT PACKING pc=0x00000263a9b0c894 sp=0x000000ad453fde70
Event: 113.196 Thread 0x00000263c0e45000 DEOPT UNPACKING pc=0x00000263a1d178af sp=0x000000ad453fddf0 mode 2

Classes redefined (0 events):
No events

Internal exceptions (20 events):
Event: 102.819 Thread 0x00000263bd0be800 Implicit null exception at 0x00000263a9979caf to 0x00000263a9979da0
Event: 102.819 Thread 0x00000263bd0c1000 Implicit null exception at 0x00000263a9979caf to 0x00000263a9979da0
Event: 102.819 Thread 0x00000263bd0c3800 Implicit null exception at 0x00000263a9979caf to 0x00000263a9979da0
Event: 102.819 Thread 0x00000263bd0c0800 Implicit null exception at 0x00000263a9979caf to 0x00000263a9979da0
Event: 105.344 Thread 0x00000263bd0c0800 Implicit null exception at 0x00000263aa0a4bcc to 0x00000263aa0a4d1c
Event: 106.269 Thread 0x00000263bd0c0800 Exception <a 'sun/nio/fs/WindowsException'{0x00000000b416a730}> (0x00000000b416a730) thrown at [./src/hotspot/share/prims/jni.cpp, line 615]
Event: 106.440 Thread 0x00000263c0e45000 Exception <a 'sun/nio/fs/WindowsException'{0x00000000b40c7118}> (0x00000000b40c7118) thrown at [./src/hotspot/share/prims/jni.cpp, line 615]
Event: 109.030 Thread 0x00000263bd0bf800 Exception <a 'sun/nio/fs/WindowsException'{0x00000000b3ef9fa0}> (0x00000000b3ef9fa0) thrown at [./src/hotspot/share/prims/jni.cpp, line 615]
Event: 110.635 Thread 0x00000263bd0c0800 Exception <a 'sun/nio/fs/WindowsException'{0x00000000b3945b98}> (0x00000000b3945b98) thrown at [./src/hotspot/share/prims/jni.cpp, line 615]
Event: 110.635 Thread 0x00000263bd0c3800 Exception <a 'sun/nio/fs/WindowsException'{0x00000000b3afb0a8}> (0x00000000b3afb0a8) thrown at [./src/hotspot/share/prims/jni.cpp, line 615]
Event: 110.635 Thread 0x00000263bd0bf800 Exception <a 'sun/nio/fs/WindowsException'{0x00000000b391d1b8}> (0x00000000b391d1b8) thrown at [./src/hotspot/share/prims/jni.cpp, line 615]
Event: 111.527 Thread 0x00000263c0e45000 Exception <a 'sun/nio/fs/WindowsException'{0x00000000b36d1bf0}> (0x00000000b36d1bf0) thrown at [./src/hotspot/share/prims/jni.cpp, line 615]
Event: 111.535 Thread 0x00000263c0e45000 Implicit null exception at 0x00000263a9a34814 to 0x00000263a9a359dc
Event: 111.699 Thread 0x00000263c0e45000 Exception <a 'java/lang/NoSuchMethodError'{0x00000000b3168c80}: 'java.lang.Object java.lang.invoke.Invokers$Holder.linkToTargetMethod(java.lang.Object, java.lang.Object, java.lang.Object, java.lang.Object, int, java.lang.Object, java.lang.Object)'> (0x00000000b3168c80) thrown at [./src/hotspot/share/interpreter/linkResolver.cpp, line 773]
Event: 111.804 Thread 0x00000263c0e45000 Exception <a 'java/lang/NoSuchMethodError'{0x00000000b2d43e80}: 'java.lang.Object java.lang.invoke.DirectMethodHandle$Holder.invokeSpecial(java.lang.Object, java.lang.Object, java.lang.Object, java.lang.Object, java.lang.Object, java.lang.Object, java.lang.Object, int, java.lang.Object)'> (0x00000000b2d43e80) thrown at [./src/hotspot/share/interpreter/linkResolver.cpp, line 773]
Event: 111.805 Thread 0x00000263c0e45000 Exception <a 'java/lang/NoSuchMethodError'{0x00000000b2d4d1a8}: 'java.lang.Object java.lang.invoke.DirectMethodHandle$Holder.invokeStatic(java.lang.Object, java.lang.Object, java.lang.Object, java.lang.Object, java.lang.Object, java.lang.Object, java.lang.Object, int)'> (0x00000000b2d4d1a8) thrown at [./src/hotspot/share/interpreter/linkResolver.cpp, line 773]
Event: 111.807 Thread 0x00000263c0e45000 Exception <a 'java/lang/NoSuchMethodError'{0x00000000b2d511c8}: 'java.lang.Object java.lang.invoke.DirectMethodHandle$Holder.invokeSpecial(java.lang.Object, java.lang.Object, java.lang.Object, java.lang.Object, java.lang.Object, java.lang.Object, java.lang.Object, java.lang.Object, int)'> (0x00000000b2d511c8) thrown at [./src/hotspot/share/interpreter/linkResolver.cpp, line 773]
Event: 111.808 Thread 0x00000263c0e45000 Exception <a 'java/lang/NoSuchMethodError'{0x00000000b2d54860}: 'java.lang.Object java.lang.invoke.Invokers$Holder.linkToTargetMethod(java.lang.Object, java.lang.Object, java.lang.Object, java.lang.Object, java.lang.Object, java.lang.Object, int, java.lang.Object)'> (0x00000000b2d54860) thrown at [./src/hotspot/share/interpreter/linkResolver.cpp, line 773]
Event: 111.971 Thread 0x00000263c0e45000 Exception <a 'sun/nio/fs/WindowsException'{0x00000000b2665238}> (0x00000000b2665238) thrown at [./src/hotspot/share/prims/jni.cpp, line 615]
Event: 111.971 Thread 0x00000263c0e45000 Exception <a 'sun/nio/fs/WindowsException'{0x00000000b2665380}> (0x00000000b2665380) thrown at [./src/hotspot/share/prims/jni.cpp, line 615]

Events (20 events):
Event: 113.071 Executing VM operation: CGC_Operation
Event: 113.072 Executing VM operation: CGC_Operation done
Event: 113.204 loading class com/android/builder/internal/packaging/PackagedFileUpdate
Event: 113.204 loading class com/android/builder/internal/packaging/PackagedFileUpdate done
Event: 113.205 loading class com/android/builder/internal/packaging/ApkFlinger$writeFile$1
Event: 113.205 loading class com/android/builder/internal/packaging/ApkFlinger$writeFile$1 done
Event: 113.206 Executing VM operation: RevokeBias
Event: 113.206 Executing coalesced safepoint VM operation: RevokeBias
Event: 113.206 Executing coalesced safepoint VM operation: RevokeBias done
Event: 113.206 Executing VM operation: RevokeBias done
Event: 113.206 loading class com/android/builder/internal/packaging/PackagedFileUpdate
Event: 113.206 loading class com/android/builder/internal/packaging/PackagedFileUpdate done
Event: 113.206 loading class com/android/builder/internal/packaging/PackagedFileUpdate
Event: 113.206 loading class com/android/builder/internal/packaging/PackagedFileUpdate done
Event: 113.209 loading class com/google/common/base/Function
Event: 113.209 loading class com/google/common/base/Function done
Event: 113.209 loading class com/google/common/collect/Iterators$6
Event: 113.209 loading class com/google/common/collect/Iterators$6 done
Event: 113.211 Executing VM operation: RevokeBias
Event: 113.237 Executing VM operation: RevokeBias done


Dynamic libraries:
0x00007ff64ab10000 - 0x00007ff64ab1a000 	C:\Program Files\Android\Android Studio\jre\bin\java.exe
0x00007fff335c0000 - 0x00007fff337c7000 	C:\WINDOWS\SYSTEM32\ntdll.dll
0x00007fff32710000 - 0x00007fff327cd000 	C:\WINDOWS\System32\KERNEL32.DLL
0x00007fff31050000 - 0x00007fff313c4000 	C:\WINDOWS\System32\KERNELBASE.dll
0x00007fff30b60000 - 0x00007fff30c71000 	C:\WINDOWS\System32\ucrtbase.dll
0x00007fff1e3f0000 - 0x00007fff1e409000 	C:\Program Files\Android\Android Studio\jre\bin\jli.dll
0x00007fff323b0000 - 0x00007fff3255c000 	C:\WINDOWS\System32\USER32.dll
0x00007fff30c80000 - 0x00007fff30ca6000 	C:\WINDOWS\System32\win32u.dll
0x00007fff1e3b0000 - 0x00007fff1e3c7000 	C:\Program Files\Android\Android Studio\jre\bin\VCRUNTIME140.dll
0x00007fff31790000 - 0x00007fff317b9000 	C:\WINDOWS\System32\GDI32.dll
0x00007fff30e90000 - 0x00007fff30fa2000 	C:\WINDOWS\System32\gdi32full.dll
0x00007fff1d140000 - 0x00007fff1d3e5000 	C:\WINDOWS\WinSxS\amd64_microsoft.windows.common-controls_6595b64144ccf1df_6.0.22000.120_none_9d947278b86cc467\COMCTL32.dll
0x00007fff30fb0000 - 0x00007fff3104d000 	C:\WINDOWS\System32\msvcp_win.dll
0x00007fff32830000 - 0x00007fff328d3000 	C:\WINDOWS\System32\msvcrt.dll
0x00007fff32f40000 - 0x00007fff32f71000 	C:\WINDOWS\System32\IMM32.DLL
0x00007fff06c10000 - 0x00007fff06cad000 	C:\Program Files\Android\Android Studio\jre\bin\msvcp140.dll
0x00007ffefa880000 - 0x00007ffefb34f000 	C:\Program Files\Android\Android Studio\jre\bin\server\jvm.dll
0x00007fff32f80000 - 0x00007fff3302c000 	C:\WINDOWS\System32\ADVAPI32.dll
0x00007fff31460000 - 0x00007fff314fd000 	C:\WINDOWS\System32\sechost.dll
0x00007fff32280000 - 0x00007fff323a1000 	C:\WINDOWS\System32\RPCRT4.dll
0x00007fff31450000 - 0x00007fff31458000 	C:\WINDOWS\System32\PSAPI.DLL
0x00007fff1a750000 - 0x00007fff1a759000 	C:\WINDOWS\SYSTEM32\WSOCK32.dll
0x00007fff28df0000 - 0x00007fff28e23000 	C:\WINDOWS\SYSTEM32\WINMM.dll
0x00007fff33030000 - 0x00007fff3309f000 	C:\WINDOWS\System32\WS2_32.dll
0x00007fff22390000 - 0x00007fff2239a000 	C:\WINDOWS\SYSTEM32\VERSION.dll
0x00007fff2fbc0000 - 0x00007fff2fbd8000 	C:\WINDOWS\SYSTEM32\kernel.appcore.dll
0x00007fff1df00000 - 0x00007fff1df11000 	C:\Program Files\Android\Android Studio\jre\bin\verify.dll
0x00007fff2e760000 - 0x00007fff2e981000 	C:\WINDOWS\SYSTEM32\DBGHELP.DLL
0x00007fff203f0000 - 0x00007fff20421000 	C:\WINDOWS\SYSTEM32\dbgcore.DLL
0x00007fff313d0000 - 0x00007fff3144f000 	C:\WINDOWS\System32\bcryptPrimitives.dll
0x00007fff1a090000 - 0x00007fff1a0b9000 	C:\Program Files\Android\Android Studio\jre\bin\java.dll
0x00007fff268a0000 - 0x00007fff268ab000 	C:\Program Files\Android\Android Studio\jre\bin\jimage.dll
0x00007fff1dee0000 - 0x00007fff1def8000 	C:\Program Files\Android\Android Studio\jre\bin\zip.dll
0x00007fff31ad0000 - 0x00007fff3227e000 	C:\WINDOWS\System32\SHELL32.dll
0x00007fff2ec40000 - 0x00007fff2f4a7000 	C:\WINDOWS\SYSTEM32\windows.storage.dll
0x00007fff331c0000 - 0x00007fff33538000 	C:\WINDOWS\System32\combase.dll
0x00007fff2ead0000 - 0x00007fff2ec36000 	C:\WINDOWS\SYSTEM32\wintypes.dll
0x00007fff315b0000 - 0x00007fff3169a000 	C:\WINDOWS\System32\SHCORE.dll
0x00007fff316a0000 - 0x00007fff316fd000 	C:\WINDOWS\System32\shlwapi.dll
0x00007fff309d0000 - 0x00007fff309f1000 	C:\WINDOWS\SYSTEM32\profapi.dll
0x00007fff1b040000 - 0x00007fff1b05a000 	C:\Program Files\Android\Android Studio\jre\bin\net.dll
0x00007fff281c0000 - 0x00007fff282cc000 	C:\WINDOWS\SYSTEM32\WINHTTP.dll
0x00007fff2ffd0000 - 0x00007fff30037000 	C:\WINDOWS\system32\mswsock.dll
0x00007fff194d0000 - 0x00007fff194e4000 	C:\Program Files\Android\Android Studio\jre\bin\nio.dll
0x00007fff19440000 - 0x00007fff19466000 	C:\Users\Muhammad Kamran\.gradle\native\fdc75f09e3144964f2cf3f50f0aa648679c211496f362492102eb8c894070792\windows-amd64\native-platform.dll
0x00007ffefe8d0000 - 0x00007ffefea61000 	C:\Users\Muhammad Kamran\.gradle\native\12488b8bf47d2d4c9fbf2f6322a914ad602e24e48041cd04a747c6da556b65c4\windows-amd64\native-platform-file-events.dll
0x00007fff20750000 - 0x00007fff2075a000 	C:\Program Files\Android\Android Studio\jre\bin\management.dll
0x00007fff1ec20000 - 0x00007fff1ec2c000 	C:\Program Files\Android\Android Studio\jre\bin\management_ext.dll
0x00007fff30220000 - 0x00007fff30238000 	C:\WINDOWS\SYSTEM32\CRYPTSP.dll
0x00007fff2fb20000 - 0x00007fff2fb55000 	C:\WINDOWS\system32\rsaenh.dll
0x00007fff300c0000 - 0x00007fff300e9000 	C:\WINDOWS\SYSTEM32\USERENV.dll
0x00007fff30390000 - 0x00007fff303b7000 	C:\WINDOWS\SYSTEM32\bcrypt.dll
0x00007fff30210000 - 0x00007fff3021c000 	C:\WINDOWS\SYSTEM32\CRYPTBASE.dll
0x00007fff2f700000 - 0x00007fff2f72d000 	C:\WINDOWS\SYSTEM32\IPHLPAPI.DLL
0x00007fff31780000 - 0x00007fff31789000 	C:\WINDOWS\System32\NSI.dll
0x00007fff281a0000 - 0x00007fff281b9000 	C:\WINDOWS\SYSTEM32\dhcpcsvc6.DLL
0x00007fff28b00000 - 0x00007fff28b1e000 	C:\WINDOWS\SYSTEM32\dhcpcsvc.DLL
0x00007fff2f730000 - 0x00007fff2f817000 	C:\WINDOWS\SYSTEM32\DNSAPI.dll
0x00007fff28080000 - 0x00007fff2808c000 	C:\WINDOWS\SYSTEM32\WINNSI.DLL
0x00007fff2db50000 - 0x00007fff2dbe1000 	C:\WINDOWS\system32\apphelp.dll
0x00007fff2e060000 - 0x00007fff2e094000 	C:\WINDOWS\SYSTEM32\ntmarta.dll
0x00007fff1eb40000 - 0x00007fff1eb5e000 	C:\Users\Muhammad Kamran\AppData\Local\Temp\native-platform12636373740107744136dir\native-platform.dll
0x00007fff2c5f0000 - 0x00007fff2c5f8000 	C:\Program Files\Android\Android Studio\jre\bin\rmi.dll
0x00007fff1e050000 - 0x00007fff1e077000 	C:\Program Files\Android\Android Studio\jre\bin\sunec.dll

dbghelp: loaded successfully - version: 4.0.5 - missing functions: none
symbol engine: initialized successfully - sym options: 0x614 - pdb path: .;C:\Program Files\Android\Android Studio\jre\bin;C:\WINDOWS\SYSTEM32;C:\WINDOWS\WinSxS\amd64_microsoft.windows.common-controls_6595b64144ccf1df_6.0.22000.120_none_9d947278b86cc467;C:\Program Files\Android\Android Studio\jre\bin\server;C:\Users\Muhammad Kamran\.gradle\native\fdc75f09e3144964f2cf3f50f0aa648679c211496f362492102eb8c894070792\windows-amd64;C:\Users\Muhammad Kamran\.gradle\native\12488b8bf47d2d4c9fbf2f6322a914ad602e24e48041cd04a747c6da556b65c4\windows-amd64;C:\Users\Muhammad Kamran\AppData\Local\Temp\native-platform12636373740107744136dir

VM Arguments:
jvm_args: --add-opens=java.base/java.util=ALL-UNNAMED --add-opens=java.base/java.lang=ALL-UNNAMED --add-opens=java.base/java.lang.invoke=ALL-UNNAMED --add-opens=java.prefs/java.util.prefs=ALL-UNNAMED -Xmx1536M -Dfile.encoding=windows-1252 -Duser.country=US -Duser.language=en -Duser.variant 
java_command: org.gradle.launcher.daemon.bootstrap.GradleDaemon 6.7
java_class_path (initial): C:\Users\Muhammad Kamran\.gradle\wrapper\dists\gradle-6.7-all\cuy9mc7upwgwgeb72wkcrupxe\gradle-6.7\lib\gradle-launcher-6.7.jar
Launcher Type: SUN_STANDARD

[Global flags]
     intx CICompilerCount                          = 3                                         {product} {ergonomic}
     uint ConcGCThreads                            = 1                                         {product} {ergonomic}
     uint G1ConcRefinementThreads                  = 4                                         {product} {ergonomic}
   size_t G1HeapRegionSize                         = 1048576                                   {product} {ergonomic}
    uintx GCDrainStackTargetSize                   = 64                                        {product} {ergonomic}
   size_t InitialHeapSize                          = 132120576                                 {product} {ergonomic}
   size_t MarkStackSize                            = 4194304                                   {product} {ergonomic}
   size_t MaxHeapSize                              = 1610612736                                {product} {command line}
   size_t MaxNewSize                               = 965738496                                 {product} {ergonomic}
   size_t MinHeapDeltaBytes                        = 1048576                                   {product} {ergonomic}
    uintx NonNMethodCodeHeapSize                   = 5830732                                {pd product} {ergonomic}
    uintx NonProfiledCodeHeapSize                  = 122913754                              {pd product} {ergonomic}
    uintx ProfiledCodeHeapSize                     = 122913754                              {pd product} {ergonomic}
    uintx ReservedCodeCacheSize                    = 251658240                              {pd product} {ergonomic}
     bool SegmentedCodeCache                       = true                                      {product} {ergonomic}
     bool UseCompressedClassPointers               = true                                 {lp64_product} {ergonomic}
     bool UseCompressedOops                        = true                                 {lp64_product} {ergonomic}
     bool UseG1GC                                  = true                                      {product} {ergonomic}
     bool UseLargePagesIndividualAllocation        = false                                  {pd product} {ergonomic}

Logging:
Log output configuration:
 #0: stdout all=warning uptime,level,tags
 #1: stderr all=off uptime,level,tags

Environment Variables:
JAVA_HOME=C:\Program Files\Android\Android Studio\jre
CLASSPATH=C:\Users\Muhammad Kamran\Desktop\Flutter\checkcode\android\\gradle\wrapper\gradle-wrapper.jar
PATH=C:\WINDOWS\system32;C:\WINDOWS;C:\WINDOWS\System32\Wbem;C:\WINDOWS\System32\WindowsPowerShell\v1.0\;C:\WINDOWS\System32\OpenSSH\;C:\flutter\bin;C:\Program Files\Dart\dart-sdk\bin;C:\Program Files\Git\cmd;C:\Users\Muhammad Kamran\AppData\Local\Microsoft\WindowsApps;C:\flutter\bin;C:\Program Files\JetBrains\PyCharm Community Edition 2021.2\bin;;C:\Program Files\Dart\dart-sdk;C:\Users\Muhammad Kamran\AppData\Local\GitHubDesktop\bin;C:\Program Files\Git\bin;C:\Users\Muhammad Kamran\AppData\Local\Programs\Microsoft VS Code\bin;C:\flutter\bin\mingit\cmd
USERNAME=Muhammad Kamran
OS=Windows_NT
PROCESSOR_IDENTIFIER=Intel64 Family 6 Model 142 Stepping 9, GenuineIntel



---------------  S Y S T E M  ---------------

OS: Windows 10 , 64 bit Build 22000 (10.0.22000.318)
OS uptime: 0 days 14:15 hours
Hyper-V role detected

CPU:total 4 (initial active 4) (2 cores per cpu, 2 threads per core) family 6 model 142 stepping 9 microcode 0xea, cmov, cx8, fxsr, mmx, sse, sse2, sse3, ssse3, sse4.1, sse4.2, popcnt, avx, avx2, aes, clmul, erms, 3dnowpref, lzcnt, ht, tsc, tscinvbit, bmi1, bmi2, adx, fma

Memory: 4k page, system-wide physical 7974M (391M free)
TotalPageFile size 7974M (AvailPageFile size 5M)
current process WorkingSet (physical memory assigned to process): 821M, peak: 821M
current process commit charge ("private bytes"): 856M, peak: 887M

vm_info: OpenJDK 64-Bit Server VM (11.0.10+0-b96-7249189) for windows-amd64 JRE (11.0.10+0-b96-7249189), built on Mar 31 2021 21:44:00 by "builder" with MS VC++ 14.0 (VS2015)

END.
